{"numFailedTestSuites":2,"numFailedTests":5,"numPassedTestSuites":46,"numPassedTests":269,"numPendingTestSuites":0,"numPendingTests":0,"numRuntimeErrorTestSuites":0,"numTodoTests":0,"numTotalTestSuites":48,"numTotalTests":274,"openHandles":[],"snapshot":{"added":0,"didUpdate":false,"failure":false,"filesAdded":0,"filesRemoved":0,"filesRemovedList":[],"filesUnmatched":0,"filesUpdated":0,"matched":0,"total":0,"unchecked":0,"uncheckedKeysByFile":[],"unmatched":0,"updated":0},"startTime":1769410758361,"success":false,"testResults":[{"assertionResults":[{"ancestorTitles":["getCoverageRiskSummary"],"duration":4,"failureDetails":[],"failureMessages":[],"fullName":"getCoverageRiskSummary returns all zeros for empty data or no plans","invocations":1,"location":null,"numPassingAsserts":1,"retryReasons":[],"status":"passed","title":"returns all zeros for empty data or no plans"},{"ancestorTitles":["getCoverageRiskSummary"],"duration":29,"failureDetails":[{"matcherResult":{"actual":7,"expected":3,"message":"\u001b[2mexpect(\u001b[22m\u001b[31mreceived\u001b[39m\u001b[2m).\u001b[22mtoBe\u001b[2m(\u001b[22m\u001b[32mexpected\u001b[39m\u001b[2m) // Object.is equality\u001b[22m\n\nExpected: \u001b[32m3\u001b[39m\nReceived: \u001b[31m7\u001b[39m","name":"toBe","pass":false}}],"failureMessages":["Error: \u001b[2mexpect(\u001b[22m\u001b[31mreceived\u001b[39m\u001b[2m).\u001b[22mtoBe\u001b[2m(\u001b[22m\u001b[32mexpected\u001b[39m\u001b[2m) // Object.is equality\u001b[22m\n\nExpected: \u001b[32m3\u001b[39m\nReceived: \u001b[31m7\u001b[39m\n    at Object.<anonymous> (C:\\Users\\Junior Ulloa\\Documents\\GitHub\\PLANNING ENGINE  V 15\\src\\application\\stats\\__tests__\\getCoverageRiskSummary.test.ts:67:36)\n    at Promise.then.completed (C:\\Users\\Junior Ulloa\\Documents\\GitHub\\PLANNING ENGINE  V 15\\node_modules\\jest-circus\\build\\utils.js:298:28)\n    at new Promise (<anonymous>)\n    at callAsyncCircusFn (C:\\Users\\Junior Ulloa\\Documents\\GitHub\\PLANNING ENGINE  V 15\\node_modules\\jest-circus\\build\\utils.js:231:10)\n    at _callCircusTest (C:\\Users\\Junior Ulloa\\Documents\\GitHub\\PLANNING ENGINE  V 15\\node_modules\\jest-circus\\build\\run.js:316:40)\n    at _runTest (C:\\Users\\Junior Ulloa\\Documents\\GitHub\\PLANNING ENGINE  V 15\\node_modules\\jest-circus\\build\\run.js:252:3)\n    at _runTestsForDescribeBlock (C:\\Users\\Junior Ulloa\\Documents\\GitHub\\PLANNING ENGINE  V 15\\node_modules\\jest-circus\\build\\run.js:126:9)\n    at _runTestsForDescribeBlock (C:\\Users\\Junior Ulloa\\Documents\\GitHub\\PLANNING ENGINE  V 15\\node_modules\\jest-circus\\build\\run.js:121:9)\n    at run (C:\\Users\\Junior Ulloa\\Documents\\GitHub\\PLANNING ENGINE  V 15\\node_modules\\jest-circus\\build\\run.js:71:3)\n    at runAndTransformResultsToJestFormat (C:\\Users\\Junior Ulloa\\Documents\\GitHub\\PLANNING ENGINE  V 15\\node_modules\\jest-circus\\build\\legacy-code-todo-rewrite\\jestAdapterInit.js:122:21)\n    at jestAdapter (C:\\Users\\Junior Ulloa\\Documents\\GitHub\\PLANNING ENGINE  V 15\\node_modules\\jest-circus\\build\\legacy-code-todo-rewrite\\jestAdapter.js:79:19)\n    at runTestInternal (C:\\Users\\Junior Ulloa\\Documents\\GitHub\\PLANNING ENGINE  V 15\\node_modules\\jest-runner\\build\\runTest.js:367:16)\n    at runTest (C:\\Users\\Junior Ulloa\\Documents\\GitHub\\PLANNING ENGINE  V 15\\node_modules\\jest-runner\\build\\runTest.js:444:34)"],"fullName":"getCoverageRiskSummary calculates daysWithDeficit correctly (1 deficit counts day once)","invocations":1,"location":null,"numPassingAsserts":0,"retryReasons":[],"status":"failed","title":"calculates daysWithDeficit correctly (1 deficit counts day once)"},{"ancestorTitles":["getCoverageRiskSummary"],"duration":4,"failureDetails":[{"matcherResult":{"actual":7,"expected":2,"message":"\u001b[2mexpect(\u001b[22m\u001b[31mreceived\u001b[39m\u001b[2m).\u001b[22mtoBe\u001b[2m(\u001b[22m\u001b[32mexpected\u001b[39m\u001b[2m) // Object.is equality\u001b[22m\n\nExpected: \u001b[32m2\u001b[39m\nReceived: \u001b[31m7\u001b[39m","name":"toBe","pass":false}}],"failureMessages":["Error: \u001b[2mexpect(\u001b[22m\u001b[31mreceived\u001b[39m\u001b[2m).\u001b[22mtoBe\u001b[2m(\u001b[22m\u001b[32mexpected\u001b[39m\u001b[2m) // Object.is equality\u001b[22m\n\nExpected: \u001b[32m2\u001b[39m\nReceived: \u001b[31m7\u001b[39m\n    at Object.<anonymous> (C:\\Users\\Junior Ulloa\\Documents\\GitHub\\PLANNING ENGINE  V 15\\src\\application\\stats\\__tests__\\getCoverageRiskSummary.test.ts:78:40)\n    at Promise.then.completed (C:\\Users\\Junior Ulloa\\Documents\\GitHub\\PLANNING ENGINE  V 15\\node_modules\\jest-circus\\build\\utils.js:298:28)\n    at new Promise (<anonymous>)\n    at callAsyncCircusFn (C:\\Users\\Junior Ulloa\\Documents\\GitHub\\PLANNING ENGINE  V 15\\node_modules\\jest-circus\\build\\utils.js:231:10)\n    at _callCircusTest (C:\\Users\\Junior Ulloa\\Documents\\GitHub\\PLANNING ENGINE  V 15\\node_modules\\jest-circus\\build\\run.js:316:40)\n    at _runTest (C:\\Users\\Junior Ulloa\\Documents\\GitHub\\PLANNING ENGINE  V 15\\node_modules\\jest-circus\\build\\run.js:252:3)\n    at _runTestsForDescribeBlock (C:\\Users\\Junior Ulloa\\Documents\\GitHub\\PLANNING ENGINE  V 15\\node_modules\\jest-circus\\build\\run.js:126:9)\n    at _runTestsForDescribeBlock (C:\\Users\\Junior Ulloa\\Documents\\GitHub\\PLANNING ENGINE  V 15\\node_modules\\jest-circus\\build\\run.js:121:9)\n    at run (C:\\Users\\Junior Ulloa\\Documents\\GitHub\\PLANNING ENGINE  V 15\\node_modules\\jest-circus\\build\\run.js:71:3)\n    at runAndTransformResultsToJestFormat (C:\\Users\\Junior Ulloa\\Documents\\GitHub\\PLANNING ENGINE  V 15\\node_modules\\jest-circus\\build\\legacy-code-todo-rewrite\\jestAdapterInit.js:122:21)\n    at jestAdapter (C:\\Users\\Junior Ulloa\\Documents\\GitHub\\PLANNING ENGINE  V 15\\node_modules\\jest-circus\\build\\legacy-code-todo-rewrite\\jestAdapter.js:79:19)\n    at runTestInternal (C:\\Users\\Junior Ulloa\\Documents\\GitHub\\PLANNING ENGINE  V 15\\node_modules\\jest-runner\\build\\runTest.js:367:16)\n    at runTest (C:\\Users\\Junior Ulloa\\Documents\\GitHub\\PLANNING ENGINE  V 15\\node_modules\\jest-runner\\build\\runTest.js:444:34)"],"fullName":"getCoverageRiskSummary calculates criticalDeficitDays for deficits > 2","invocations":1,"location":null,"numPassingAsserts":0,"retryReasons":[],"status":"failed","title":"calculates criticalDeficitDays for deficits > 2"},{"ancestorTitles":["getCoverageRiskSummary"],"duration":8,"failureDetails":[{"matcherResult":{"actual":18,"expected":6,"message":"\u001b[2mexpect(\u001b[22m\u001b[31mreceived\u001b[39m\u001b[2m).\u001b[22mtoBe\u001b[2m(\u001b[22m\u001b[32mexpected\u001b[39m\u001b[2m) // Object.is equality\u001b[22m\n\nExpected: \u001b[32m6\u001b[39m\nReceived: \u001b[31m18\u001b[39m","name":"toBe","pass":false}}],"failureMessages":["Error: \u001b[2mexpect(\u001b[22m\u001b[31mreceived\u001b[39m\u001b[2m).\u001b[22mtoBe\u001b[2m(\u001b[22m\u001b[32mexpected\u001b[39m\u001b[2m) // Object.is equality\u001b[22m\n\nExpected: \u001b[32m6\u001b[39m\nReceived: \u001b[31m18\u001b[39m\n    at Object.<anonymous> (C:\\Users\\Junior Ulloa\\Documents\\GitHub\\PLANNING ENGINE  V 15\\src\\application\\stats\\__tests__\\getCoverageRiskSummary.test.ts:90:33)\n    at Promise.then.completed (C:\\Users\\Junior Ulloa\\Documents\\GitHub\\PLANNING ENGINE  V 15\\node_modules\\jest-circus\\build\\utils.js:298:28)\n    at new Promise (<anonymous>)\n    at callAsyncCircusFn (C:\\Users\\Junior Ulloa\\Documents\\GitHub\\PLANNING ENGINE  V 15\\node_modules\\jest-circus\\build\\utils.js:231:10)\n    at _callCircusTest (C:\\Users\\Junior Ulloa\\Documents\\GitHub\\PLANNING ENGINE  V 15\\node_modules\\jest-circus\\build\\run.js:316:40)\n    at _runTest (C:\\Users\\Junior Ulloa\\Documents\\GitHub\\PLANNING ENGINE  V 15\\node_modules\\jest-circus\\build\\run.js:252:3)\n    at _runTestsForDescribeBlock (C:\\Users\\Junior Ulloa\\Documents\\GitHub\\PLANNING ENGINE  V 15\\node_modules\\jest-circus\\build\\run.js:126:9)\n    at _runTestsForDescribeBlock (C:\\Users\\Junior Ulloa\\Documents\\GitHub\\PLANNING ENGINE  V 15\\node_modules\\jest-circus\\build\\run.js:121:9)\n    at run (C:\\Users\\Junior Ulloa\\Documents\\GitHub\\PLANNING ENGINE  V 15\\node_modules\\jest-circus\\build\\run.js:71:3)\n    at runAndTransformResultsToJestFormat (C:\\Users\\Junior Ulloa\\Documents\\GitHub\\PLANNING ENGINE  V 15\\node_modules\\jest-circus\\build\\legacy-code-todo-rewrite\\jestAdapterInit.js:122:21)\n    at jestAdapter (C:\\Users\\Junior Ulloa\\Documents\\GitHub\\PLANNING ENGINE  V 15\\node_modules\\jest-circus\\build\\legacy-code-todo-rewrite\\jestAdapter.js:79:19)\n    at runTestInternal (C:\\Users\\Junior Ulloa\\Documents\\GitHub\\PLANNING ENGINE  V 15\\node_modules\\jest-runner\\build\\runTest.js:367:16)\n    at runTest (C:\\Users\\Junior Ulloa\\Documents\\GitHub\\PLANNING ENGINE  V 15\\node_modules\\jest-runner\\build\\runTest.js:444:34)"],"fullName":"getCoverageRiskSummary calculates totalDeficit as sum of all shift deficits","invocations":1,"location":null,"numPassingAsserts":0,"retryReasons":[],"status":"failed","title":"calculates totalDeficit as sum of all shift deficits"},{"ancestorTitles":["getCoverageRiskSummary"],"duration":3,"failureDetails":[],"failureMessages":[],"fullName":"getCoverageRiskSummary identifies the worst shift correctly","invocations":1,"location":null,"numPassingAsserts":2,"retryReasons":[],"status":"passed","title":"identifies the worst shift correctly"},{"ancestorTitles":["getCoverageRiskSummary"],"duration":3,"failureDetails":[{"matcherResult":{"actual":11,"expected":3,"message":"\u001b[2mexpect(\u001b[22m\u001b[31mreceived\u001b[39m\u001b[2m).\u001b[22mtoBe\u001b[2m(\u001b[22m\u001b[32mexpected\u001b[39m\u001b[2m) // Object.is equality\u001b[22m\n\nExpected: \u001b[32m3\u001b[39m\nReceived: \u001b[31m11\u001b[39m","name":"toBe","pass":false}}],"failureMessages":["Error: \u001b[2mexpect(\u001b[22m\u001b[31mreceived\u001b[39m\u001b[2m).\u001b[22mtoBe\u001b[2m(\u001b[22m\u001b[32mexpected\u001b[39m\u001b[2m) // Object.is equality\u001b[22m\n\nExpected: \u001b[32m3\u001b[39m\nReceived: \u001b[31m11\u001b[39m\n    at Object.<anonymous> (C:\\Users\\Junior Ulloa\\Documents\\GitHub\\PLANNING ENGINE  V 15\\src\\application\\stats\\__tests__\\getCoverageRiskSummary.test.ts:111:41)\n    at Promise.then.completed (C:\\Users\\Junior Ulloa\\Documents\\GitHub\\PLANNING ENGINE  V 15\\node_modules\\jest-circus\\build\\utils.js:298:28)\n    at new Promise (<anonymous>)\n    at callAsyncCircusFn (C:\\Users\\Junior Ulloa\\Documents\\GitHub\\PLANNING ENGINE  V 15\\node_modules\\jest-circus\\build\\utils.js:231:10)\n    at _callCircusTest (C:\\Users\\Junior Ulloa\\Documents\\GitHub\\PLANNING ENGINE  V 15\\node_modules\\jest-circus\\build\\run.js:316:40)\n    at _runTest (C:\\Users\\Junior Ulloa\\Documents\\GitHub\\PLANNING ENGINE  V 15\\node_modules\\jest-circus\\build\\run.js:252:3)\n    at _runTestsForDescribeBlock (C:\\Users\\Junior Ulloa\\Documents\\GitHub\\PLANNING ENGINE  V 15\\node_modules\\jest-circus\\build\\run.js:126:9)\n    at _runTestsForDescribeBlock (C:\\Users\\Junior Ulloa\\Documents\\GitHub\\PLANNING ENGINE  V 15\\node_modules\\jest-circus\\build\\run.js:121:9)\n    at run (C:\\Users\\Junior Ulloa\\Documents\\GitHub\\PLANNING ENGINE  V 15\\node_modules\\jest-circus\\build\\run.js:71:3)\n    at runAndTransformResultsToJestFormat (C:\\Users\\Junior Ulloa\\Documents\\GitHub\\PLANNING ENGINE  V 15\\node_modules\\jest-circus\\build\\legacy-code-todo-rewrite\\jestAdapterInit.js:122:21)\n    at jestAdapter (C:\\Users\\Junior Ulloa\\Documents\\GitHub\\PLANNING ENGINE  V 15\\node_modules\\jest-circus\\build\\legacy-code-todo-rewrite\\jestAdapter.js:79:19)\n    at runTestInternal (C:\\Users\\Junior Ulloa\\Documents\\GitHub\\PLANNING ENGINE  V 15\\node_modules\\jest-runner\\build\\runTest.js:367:16)\n    at runTest (C:\\Users\\Junior Ulloa\\Documents\\GitHub\\PLANNING ENGINE  V 15\\node_modules\\jest-runner\\build\\runTest.js:444:34)"],"fullName":"getCoverageRiskSummary populates dailyDeficits with detailed deficit information","invocations":1,"location":null,"numPassingAsserts":0,"retryReasons":[],"status":"failed","title":"populates dailyDeficits with detailed deficit information"},{"ancestorTitles":["getCoverageRiskSummary"],"duration":4,"failureDetails":[],"failureMessages":[],"fullName":"getCoverageRiskSummary [CRITICAL] aggregates deficits across multiple weekly plans and only evaluates days with plans","invocations":1,"location":null,"numPassingAsserts":3,"retryReasons":[],"status":"passed","title":"[CRITICAL] aggregates deficits across multiple weekly plans and only evaluates days with plans"}],"endTime":1769410760031,"message":"\u001b[1m\u001b[31m  \u001b[1m● \u001b[22m\u001b[1mgetCoverageRiskSummary › calculates daysWithDeficit correctly (1 deficit counts day once)\u001b[39m\u001b[22m\n\n    \u001b[2mexpect(\u001b[22m\u001b[31mreceived\u001b[39m\u001b[2m).\u001b[22mtoBe\u001b[2m(\u001b[22m\u001b[32mexpected\u001b[39m\u001b[2m) // Object.is equality\u001b[22m\n\n    Expected: \u001b[32m3\u001b[39m\n    Received: \u001b[31m7\u001b[39m\n\u001b[2m\u001b[22m\n\u001b[2m    \u001b[0m \u001b[90m 65 |\u001b[39m     \u001b[90m// Day 3: DAY=0 (deficit), NIGHT=1 (ok) -> 1 day with deficit\u001b[39m\u001b[22m\n\u001b[2m     \u001b[90m 66 |\u001b[39m     \u001b[36mconst\u001b[39m result \u001b[33m=\u001b[39m getCoverageRiskSummary({ \u001b[33m...\u001b[39mbaseInput\u001b[33m,\u001b[39m coverageRules\u001b[33m:\u001b[39m rules })\u001b[22m\n\u001b[2m    \u001b[31m\u001b[1m>\u001b[22m\u001b[2m\u001b[39m\u001b[90m 67 |\u001b[39m     expect(result\u001b[33m.\u001b[39mdaysWithDeficit)\u001b[33m.\u001b[39mtoBe(\u001b[35m3\u001b[39m)\u001b[22m\n\u001b[2m     \u001b[90m    |\u001b[39m                                    \u001b[31m\u001b[1m^\u001b[22m\u001b[2m\u001b[39m\u001b[22m\n\u001b[2m     \u001b[90m 68 |\u001b[39m   })\u001b[22m\n\u001b[2m     \u001b[90m 69 |\u001b[39m\u001b[22m\n\u001b[2m     \u001b[90m 70 |\u001b[39m   it(\u001b[32m'calculates criticalDeficitDays for deficits > 2'\u001b[39m\u001b[33m,\u001b[39m () \u001b[33m=>\u001b[39m {\u001b[0m\u001b[22m\n\u001b[2m\u001b[22m\n\u001b[2m      \u001b[2mat Object.<anonymous> (\u001b[22m\u001b[2m\u001b[0m\u001b[36msrc/application/stats/__tests__/getCoverageRiskSummary.test.ts\u001b[39m\u001b[0m\u001b[2m:67:36)\u001b[22m\u001b[2m\u001b[22m\n\n\u001b[1m\u001b[31m  \u001b[1m● \u001b[22m\u001b[1mgetCoverageRiskSummary › calculates criticalDeficitDays for deficits > 2\u001b[39m\u001b[22m\n\n    \u001b[2mexpect(\u001b[22m\u001b[31mreceived\u001b[39m\u001b[2m).\u001b[22mtoBe\u001b[2m(\u001b[22m\u001b[32mexpected\u001b[39m\u001b[2m) // Object.is equality\u001b[22m\n\n    Expected: \u001b[32m2\u001b[39m\n    Received: \u001b[31m7\u001b[39m\n\u001b[2m\u001b[22m\n\u001b[2m    \u001b[0m \u001b[90m 76 |\u001b[39m     \u001b[90m// Day 2: DAY deficit 1, NIGHT deficit 2. Total 3 -> CRITICAL\u001b[39m\u001b[22m\n\u001b[2m     \u001b[90m 77 |\u001b[39m     \u001b[36mconst\u001b[39m result \u001b[33m=\u001b[39m getCoverageRiskSummary({ \u001b[33m...\u001b[39mbaseInput\u001b[33m,\u001b[39m coverageRules\u001b[33m:\u001b[39m rules })\u001b[22m\n\u001b[2m    \u001b[31m\u001b[1m>\u001b[22m\u001b[2m\u001b[39m\u001b[90m 78 |\u001b[39m     expect(result\u001b[33m.\u001b[39mcriticalDeficitDays)\u001b[33m.\u001b[39mtoBe(\u001b[35m2\u001b[39m)\u001b[22m\n\u001b[2m     \u001b[90m    |\u001b[39m                                        \u001b[31m\u001b[1m^\u001b[22m\u001b[2m\u001b[39m\u001b[22m\n\u001b[2m     \u001b[90m 79 |\u001b[39m   })\u001b[22m\n\u001b[2m     \u001b[90m 80 |\u001b[39m   \u001b[22m\n\u001b[2m     \u001b[90m 81 |\u001b[39m   it(\u001b[32m'calculates totalDeficit as sum of all shift deficits'\u001b[39m\u001b[33m,\u001b[39m () \u001b[33m=>\u001b[39m {\u001b[0m\u001b[22m\n\u001b[2m\u001b[22m\n\u001b[2m      \u001b[2mat Object.<anonymous> (\u001b[22m\u001b[2m\u001b[0m\u001b[36msrc/application/stats/__tests__/getCoverageRiskSummary.test.ts\u001b[39m\u001b[0m\u001b[2m:78:40)\u001b[22m\u001b[2m\u001b[22m\n\n\u001b[1m\u001b[31m  \u001b[1m● \u001b[22m\u001b[1mgetCoverageRiskSummary › calculates totalDeficit as sum of all shift deficits\u001b[39m\u001b[22m\n\n    \u001b[2mexpect(\u001b[22m\u001b[31mreceived\u001b[39m\u001b[2m).\u001b[22mtoBe\u001b[2m(\u001b[22m\u001b[32mexpected\u001b[39m\u001b[2m) // Object.is equality\u001b[22m\n\n    Expected: \u001b[32m6\u001b[39m\n    Received: \u001b[31m18\u001b[39m\n\u001b[2m\u001b[22m\n\u001b[2m    \u001b[0m \u001b[90m 88 |\u001b[39m     \u001b[90m// Day 3: deficit 2 (day) + 0 (night) = 2\u001b[39m\u001b[22m\n\u001b[2m     \u001b[90m 89 |\u001b[39m     \u001b[36mconst\u001b[39m result \u001b[33m=\u001b[39m getCoverageRiskSummary({ \u001b[33m...\u001b[39mbaseInput\u001b[33m,\u001b[39m coverageRules\u001b[33m:\u001b[39m rules })\u001b[22m\n\u001b[2m    \u001b[31m\u001b[1m>\u001b[22m\u001b[2m\u001b[39m\u001b[90m 90 |\u001b[39m     expect(result\u001b[33m.\u001b[39mtotalDeficit)\u001b[33m.\u001b[39mtoBe(\u001b[35m6\u001b[39m)\u001b[22m\n\u001b[2m     \u001b[90m    |\u001b[39m                                 \u001b[31m\u001b[1m^\u001b[22m\u001b[2m\u001b[39m\u001b[22m\n\u001b[2m     \u001b[90m 91 |\u001b[39m   })\u001b[33m;\u001b[39m\u001b[22m\n\u001b[2m     \u001b[90m 92 |\u001b[39m\u001b[22m\n\u001b[2m     \u001b[90m 93 |\u001b[39m   it(\u001b[32m'identifies the worst shift correctly'\u001b[39m\u001b[33m,\u001b[39m () \u001b[33m=>\u001b[39m {\u001b[0m\u001b[22m\n\u001b[2m\u001b[22m\n\u001b[2m      \u001b[2mat Object.<anonymous> (\u001b[22m\u001b[2m\u001b[0m\u001b[36msrc/application/stats/__tests__/getCoverageRiskSummary.test.ts\u001b[39m\u001b[0m\u001b[2m:90:33)\u001b[22m\u001b[2m\u001b[22m\n\n\u001b[1m\u001b[31m  \u001b[1m● \u001b[22m\u001b[1mgetCoverageRiskSummary › populates dailyDeficits with detailed deficit information\u001b[39m\u001b[22m\n\n    \u001b[2mexpect(\u001b[22m\u001b[31mreceived\u001b[39m\u001b[2m).\u001b[22mtoBe\u001b[2m(\u001b[22m\u001b[32mexpected\u001b[39m\u001b[2m) // Object.is equality\u001b[22m\n\n    Expected: \u001b[32m3\u001b[39m\n    Received: \u001b[31m11\u001b[39m\n\u001b[2m\u001b[22m\n\u001b[2m    \u001b[0m \u001b[90m 109 |\u001b[39m     \u001b[90m// Plan has 1 NIGHT on day 3 -> deficit on DAY\u001b[39m\u001b[22m\n\u001b[2m     \u001b[90m 110 |\u001b[39m     \u001b[36mconst\u001b[39m result \u001b[33m=\u001b[39m getCoverageRiskSummary({ \u001b[33m...\u001b[39mbaseInput\u001b[33m,\u001b[39m coverageRules\u001b[33m:\u001b[39m rules })\u001b[33m;\u001b[39m\u001b[22m\n\u001b[2m    \u001b[31m\u001b[1m>\u001b[22m\u001b[2m\u001b[39m\u001b[90m 111 |\u001b[39m     expect(result\u001b[33m.\u001b[39mdailyDeficits\u001b[33m.\u001b[39mlength)\u001b[33m.\u001b[39mtoBe(\u001b[35m3\u001b[39m)\u001b[33m;\u001b[39m\u001b[22m\n\u001b[2m     \u001b[90m     |\u001b[39m                                         \u001b[31m\u001b[1m^\u001b[22m\u001b[2m\u001b[39m\u001b[22m\n\u001b[2m     \u001b[90m 112 |\u001b[39m     expect(result\u001b[33m.\u001b[39mdailyDeficits)\u001b[33m.\u001b[39mtoContainEqual({\u001b[22m\n\u001b[2m     \u001b[90m 113 |\u001b[39m         date\u001b[33m:\u001b[39m \u001b[32m'2025-01-01'\u001b[39m\u001b[33m,\u001b[39m\u001b[22m\n\u001b[2m     \u001b[90m 114 |\u001b[39m         shift\u001b[33m:\u001b[39m \u001b[32m'NIGHT'\u001b[39m\u001b[33m,\u001b[39m\u001b[0m\u001b[22m\n\u001b[2m\u001b[22m\n\u001b[2m      \u001b[2mat Object.<anonymous> (\u001b[22m\u001b[2m\u001b[0m\u001b[36msrc/application/stats/__tests__/getCoverageRiskSummary.test.ts\u001b[39m\u001b[0m\u001b[2m:111:41)\u001b[22m\u001b[2m\u001b[22m\n","name":"C:\\Users\\Junior Ulloa\\Documents\\GitHub\\PLANNING ENGINE  V 15\\src\\application\\stats\\__tests__\\getCoverageRiskSummary.test.ts","startTime":1769410759538,"status":"failed","summary":""},{"assertionResults":[{"ancestorTitles":["createWeeklySnapshot Invariants"],"duration":4,"failureDetails":[{"matcherResult":{"actual":0,"expected":1,"message":"\u001b[2mexpect(\u001b[22m\u001b[31mreceived\u001b[39m\u001b[2m).\u001b[22mtoBe\u001b[2m(\u001b[22m\u001b[32mexpected\u001b[39m\u001b[2m) // Object.is equality\u001b[22m\n\nExpected: \u001b[32m1\u001b[39m\nReceived: \u001b[31m0\u001b[39m","name":"toBe","pass":false}}],"failureMessages":["Error: \u001b[2mexpect(\u001b[22m\u001b[31mreceived\u001b[39m\u001b[2m).\u001b[22mtoBe\u001b[2m(\u001b[22m\u001b[32mexpected\u001b[39m\u001b[2m) // Object.is equality\u001b[22m\n\nExpected: \u001b[32m1\u001b[39m\nReceived: \u001b[31m0\u001b[39m\n    at Object.<anonymous> (C:\\Users\\Junior Ulloa\\Documents\\GitHub\\PLANNING ENGINE  V 15\\src\\application\\audit\\createWeeklySnapshot.test.ts:58:33)\n    at Promise.then.completed (C:\\Users\\Junior Ulloa\\Documents\\GitHub\\PLANNING ENGINE  V 15\\node_modules\\jest-circus\\build\\utils.js:298:28)\n    at new Promise (<anonymous>)\n    at callAsyncCircusFn (C:\\Users\\Junior Ulloa\\Documents\\GitHub\\PLANNING ENGINE  V 15\\node_modules\\jest-circus\\build\\utils.js:231:10)\n    at _callCircusTest (C:\\Users\\Junior Ulloa\\Documents\\GitHub\\PLANNING ENGINE  V 15\\node_modules\\jest-circus\\build\\run.js:316:40)\n    at _runTest (C:\\Users\\Junior Ulloa\\Documents\\GitHub\\PLANNING ENGINE  V 15\\node_modules\\jest-circus\\build\\run.js:252:3)\n    at _runTestsForDescribeBlock (C:\\Users\\Junior Ulloa\\Documents\\GitHub\\PLANNING ENGINE  V 15\\node_modules\\jest-circus\\build\\run.js:126:9)\n    at _runTestsForDescribeBlock (C:\\Users\\Junior Ulloa\\Documents\\GitHub\\PLANNING ENGINE  V 15\\node_modules\\jest-circus\\build\\run.js:121:9)\n    at run (C:\\Users\\Junior Ulloa\\Documents\\GitHub\\PLANNING ENGINE  V 15\\node_modules\\jest-circus\\build\\run.js:71:3)\n    at runAndTransformResultsToJestFormat (C:\\Users\\Junior Ulloa\\Documents\\GitHub\\PLANNING ENGINE  V 15\\node_modules\\jest-circus\\build\\legacy-code-todo-rewrite\\jestAdapterInit.js:122:21)\n    at jestAdapter (C:\\Users\\Junior Ulloa\\Documents\\GitHub\\PLANNING ENGINE  V 15\\node_modules\\jest-circus\\build\\legacy-code-todo-rewrite\\jestAdapter.js:79:19)\n    at runTestInternal (C:\\Users\\Junior Ulloa\\Documents\\GitHub\\PLANNING ENGINE  V 15\\node_modules\\jest-runner\\build\\runTest.js:367:16)\n    at runTest (C:\\Users\\Junior Ulloa\\Documents\\GitHub\\PLANNING ENGINE  V 15\\node_modules\\jest-runner\\build\\runTest.js:444:34)"],"fullName":"createWeeklySnapshot Invariants maintains arithmetic consistency: Planned = Executed + Absences + Covered + Uncovered","invocations":1,"location":null,"numPassingAsserts":5,"retryReasons":[],"status":"failed","title":"maintains arithmetic consistency: Planned = Executed + Absences + Covered + Uncovered"},{"ancestorTitles":["createWeeklySnapshot Invariants"],"duration":1,"failureDetails":[],"failureMessages":[],"fullName":"createWeeklySnapshot Invariants detects uncovered slot correctly (explicit check)","invocations":1,"location":null,"numPassingAsserts":2,"retryReasons":[],"status":"passed","title":"detects uncovered slot correctly (explicit check)"}],"endTime":1769410760408,"message":"\u001b[1m\u001b[31m  \u001b[1m● \u001b[22m\u001b[1mcreateWeeklySnapshot Invariants › maintains arithmetic consistency: Planned = Executed + Absences + Covered + Uncovered\u001b[39m\u001b[22m\n\n    \u001b[2mexpect(\u001b[22m\u001b[31mreceived\u001b[39m\u001b[2m).\u001b[22mtoBe\u001b[2m(\u001b[22m\u001b[32mexpected\u001b[39m\u001b[2m) // Object.is equality\u001b[22m\n\n    Expected: \u001b[32m1\u001b[39m\n    Received: \u001b[31m0\u001b[39m\n\u001b[2m\u001b[22m\n\u001b[2m    \u001b[0m \u001b[90m 56 |\u001b[39m         \u001b[90m// 1 = 0 + 0 + 1 + 0 -> OK\u001b[39m\u001b[22m\n\u001b[2m     \u001b[90m 57 |\u001b[39m         expect(r2\u001b[33m.\u001b[39mplannedSlots)\u001b[33m.\u001b[39mtoBe(\u001b[35m1\u001b[39m)\u001b[22m\n\u001b[2m    \u001b[31m\u001b[1m>\u001b[22m\u001b[2m\u001b[39m\u001b[90m 58 |\u001b[39m         expect(r2\u001b[33m.\u001b[39mcoveredSlots)\u001b[33m.\u001b[39mtoBe(\u001b[35m1\u001b[39m)\u001b[22m\n\u001b[2m     \u001b[90m    |\u001b[39m                                 \u001b[31m\u001b[1m^\u001b[22m\u001b[2m\u001b[39m\u001b[22m\n\u001b[2m     \u001b[90m 59 |\u001b[39m         expect(r2\u001b[33m.\u001b[39muncoveredSlots)\u001b[33m.\u001b[39mtoBe(\u001b[35m0\u001b[39m)\u001b[22m\n\u001b[2m     \u001b[90m 60 |\u001b[39m         expect(r2\u001b[33m.\u001b[39mexecutedSlots \u001b[33m+\u001b[39m r2\u001b[33m.\u001b[39mabsenceSlots \u001b[33m+\u001b[39m r2\u001b[33m.\u001b[39mcoveredSlots \u001b[33m+\u001b[39m r2\u001b[33m.\u001b[39muncoveredSlots)\u001b[33m.\u001b[39mtoBe(r2\u001b[33m.\u001b[39mplannedSlots)\u001b[22m\n\u001b[2m     \u001b[90m 61 |\u001b[39m\u001b[0m\u001b[22m\n\u001b[2m\u001b[22m\n\u001b[2m      \u001b[2mat Object.<anonymous> (\u001b[22m\u001b[2m\u001b[0m\u001b[36msrc/application/audit/createWeeklySnapshot.test.ts\u001b[39m\u001b[0m\u001b[2m:58:33)\u001b[22m\u001b[2m\u001b[22m\n","name":"C:\\Users\\Junior Ulloa\\Documents\\GitHub\\PLANNING ENGINE  V 15\\src\\application\\audit\\createWeeklySnapshot.test.ts","startTime":1769410760049,"status":"failed","summary":""},{"assertionResults":[{"ancestorTitles":["createAnalysisPeriod – MONTH"],"duration":1,"failureDetails":[],"failureMessages":[],"fullName":"createAnalysisPeriod – MONTH crea correctamente un mes válido","invocations":1,"location":null,"numPassingAsserts":4,"retryReasons":[],"status":"passed","title":"crea correctamente un mes válido"},{"ancestorTitles":["createAnalysisPeriod – MONTH"],"duration":12,"failureDetails":[],"failureMessages":[],"fullName":"createAnalysisPeriod – MONTH rechaza month < 0","invocations":1,"location":null,"numPassingAsserts":1,"retryReasons":[],"status":"passed","title":"rechaza month < 0"},{"ancestorTitles":["createAnalysisPeriod – MONTH"],"duration":1,"failureDetails":[],"failureMessages":[],"fullName":"createAnalysisPeriod – MONTH rechaza month > 11","invocations":1,"location":null,"numPassingAsserts":1,"retryReasons":[],"status":"passed","title":"rechaza month > 11"},{"ancestorTitles":["createAnalysisPeriod – MONTH"],"duration":1,"failureDetails":[],"failureMessages":[],"fullName":"createAnalysisPeriod – MONTH no permite month flotante","invocations":1,"location":null,"numPassingAsserts":1,"retryReasons":[],"status":"passed","title":"no permite month flotante"},{"ancestorTitles":["createAnalysisPeriod – MONTH"],"duration":1,"failureDetails":[],"failureMessages":[],"fullName":"createAnalysisPeriod – MONTH handles December correctly","invocations":1,"location":null,"numPassingAsserts":3,"retryReasons":[],"status":"passed","title":"handles December correctly"},{"ancestorTitles":["createAnalysisPeriod – QUARTER"],"duration":1,"failureDetails":[],"failureMessages":[],"fullName":"createAnalysisPeriod – QUARTER crea correctamente Q1","invocations":1,"location":null,"numPassingAsserts":3,"retryReasons":[],"status":"passed","title":"crea correctamente Q1"},{"ancestorTitles":["createAnalysisPeriod – QUARTER"],"duration":1,"failureDetails":[],"failureMessages":[],"fullName":"createAnalysisPeriod – QUARTER crea correctamente Q4","invocations":1,"location":null,"numPassingAsserts":3,"retryReasons":[],"status":"passed","title":"crea correctamente Q4"},{"ancestorTitles":["createAnalysisPeriod – QUARTER"],"duration":1,"failureDetails":[],"failureMessages":[],"fullName":"createAnalysisPeriod – QUARTER rechaza quarter = 0","invocations":1,"location":null,"numPassingAsserts":1,"retryReasons":[],"status":"passed","title":"rechaza quarter = 0"},{"ancestorTitles":["createAnalysisPeriod – QUARTER"],"duration":0,"failureDetails":[],"failureMessages":[],"fullName":"createAnalysisPeriod – QUARTER rechaza quarter > 4","invocations":1,"location":null,"numPassingAsserts":1,"retryReasons":[],"status":"passed","title":"rechaza quarter > 4"},{"ancestorTitles":["createAnalysisPeriod – QUARTER"],"duration":1,"failureDetails":[],"failureMessages":[],"fullName":"createAnalysisPeriod – QUARTER creates Q2 correctly","invocations":1,"location":null,"numPassingAsserts":3,"retryReasons":[],"status":"passed","title":"creates Q2 correctly"},{"ancestorTitles":["createAnalysisPeriod – QUARTER"],"duration":1,"failureDetails":[],"failureMessages":[],"fullName":"createAnalysisPeriod – QUARTER creates Q3 correctly","invocations":1,"location":null,"numPassingAsserts":3,"retryReasons":[],"status":"passed","title":"creates Q3 correctly"},{"ancestorTitles":["getPreviousPeriod – MONTH"],"duration":1,"failureDetails":[],"failureMessages":[],"fullName":"getPreviousPeriod – MONTH Enero retrocede a Diciembre año anterior","invocations":1,"location":null,"numPassingAsserts":3,"retryReasons":[],"status":"passed","title":"Enero retrocede a Diciembre año anterior"},{"ancestorTitles":["getPreviousPeriod – MONTH"],"duration":0,"failureDetails":[],"failureMessages":[],"fullName":"getPreviousPeriod – MONTH Febrero retrocede a Enero mismo año","invocations":1,"location":null,"numPassingAsserts":1,"retryReasons":[],"status":"passed","title":"Febrero retrocede a Enero mismo año"},{"ancestorTitles":["getPreviousPeriod – MONTH"],"duration":0,"failureDetails":[],"failureMessages":[],"fullName":"getPreviousPeriod – MONTH gets previous month (same year)","invocations":1,"location":null,"numPassingAsserts":2,"retryReasons":[],"status":"passed","title":"gets previous month (same year)"},{"ancestorTitles":["getPreviousPeriod – QUARTER"],"duration":0,"failureDetails":[],"failureMessages":[],"fullName":"getPreviousPeriod – QUARTER Q1 retrocede a Q4 del año anterior","invocations":1,"location":null,"numPassingAsserts":1,"retryReasons":[],"status":"passed","title":"Q1 retrocede a Q4 del año anterior"},{"ancestorTitles":["getPreviousPeriod – QUARTER"],"duration":1,"failureDetails":[],"failureMessages":[],"fullName":"getPreviousPeriod – QUARTER Q3 retrocede a Q2 mismo año","invocations":1,"location":null,"numPassingAsserts":1,"retryReasons":[],"status":"passed","title":"Q3 retrocede a Q2 mismo año"},{"ancestorTitles":["getPreviousPeriod – QUARTER"],"duration":1,"failureDetails":[],"failureMessages":[],"fullName":"getPreviousPeriod – QUARTER gets previous quarter (same year)","invocations":1,"location":null,"numPassingAsserts":2,"retryReasons":[],"status":"passed","title":"gets previous quarter (same year)"},{"ancestorTitles":["getYearAgoPeriod – MONTH"],"duration":1,"failureDetails":[],"failureMessages":[],"fullName":"getYearAgoPeriod – MONTH Enero 2026 → Enero 2025","invocations":1,"location":null,"numPassingAsserts":2,"retryReasons":[],"status":"passed","title":"Enero 2026 → Enero 2025"},{"ancestorTitles":["getYearAgoPeriod – MONTH"],"duration":1,"failureDetails":[],"failureMessages":[],"fullName":"getYearAgoPeriod – MONTH gets same month one year ago","invocations":1,"location":null,"numPassingAsserts":2,"retryReasons":[],"status":"passed","title":"gets same month one year ago"},{"ancestorTitles":["getYearAgoPeriod – QUARTER"],"duration":1,"failureDetails":[],"failureMessages":[],"fullName":"getYearAgoPeriod – QUARTER Ene–Mar 2026 → Ene–Mar 2025","invocations":1,"location":null,"numPassingAsserts":1,"retryReasons":[],"status":"passed","title":"Ene–Mar 2026 → Ene–Mar 2025"},{"ancestorTitles":["getYearAgoPeriod – QUARTER"],"duration":1,"failureDetails":[],"failureMessages":[],"fullName":"getYearAgoPeriod – QUARTER gets same quarter one year ago","invocations":1,"location":null,"numPassingAsserts":2,"retryReasons":[],"status":"passed","title":"gets same quarter one year ago"},{"ancestorTitles":["Hostile inputs"],"duration":1,"failureDetails":[],"failureMessages":[],"fullName":"Hostile inputs rechaza kind inválido","invocations":1,"location":null,"numPassingAsserts":1,"retryReasons":[],"status":"passed","title":"rechaza kind inválido"},{"ancestorTitles":["Hostile inputs"],"duration":1,"failureDetails":[],"failureMessages":[],"fullName":"Hostile inputs rechaza year NaN","invocations":1,"location":null,"numPassingAsserts":1,"retryReasons":[],"status":"passed","title":"rechaza year NaN"},{"ancestorTitles":["Hostile inputs"],"duration":1,"failureDetails":[],"failureMessages":[],"fullName":"Hostile inputs rechaza year negativo","invocations":1,"location":null,"numPassingAsserts":1,"retryReasons":[],"status":"passed","title":"rechaza year negativo"},{"ancestorTitles":["Human labels validation"],"duration":1,"failureDetails":[],"failureMessages":[],"fullName":"Human labels validation nunca devuelve labels técnicos para quarters","invocations":1,"location":null,"numPassingAsserts":8,"retryReasons":[],"status":"passed","title":"nunca devuelve labels técnicos para quarters"},{"ancestorTitles":["Human labels validation"],"duration":1,"failureDetails":[],"failureMessages":[],"fullName":"Human labels validation labels de meses siempre en español","invocations":1,"location":null,"numPassingAsserts":4,"retryReasons":[],"status":"passed","title":"labels de meses siempre en español"}],"endTime":1769410760617,"message":"","name":"C:\\Users\\Junior Ulloa\\Documents\\GitHub\\PLANNING ENGINE  V 15\\src\\domain\\analysis\\__tests__\\analysisPeriod.test.ts","startTime":1769410760428,"status":"passed","summary":""},{"assertionResults":[{"ancestorTitles":["buildWeeklySchedule – reglas de planificación"],"duration":3,"failureDetails":[],"failureMessages":[],"fullName":"buildWeeklySchedule – reglas de planificación [HARDENING] AUSENCIA no debe cambiar el status de WORKING a OFF","invocations":1,"location":null,"numPassingAsserts":3,"retryReasons":[],"status":"passed","title":"[HARDENING] AUSENCIA no debe cambiar el status de WORKING a OFF"},{"ancestorTitles":["buildWeeklySchedule – reglas de planificación"],"duration":1,"failureDetails":[],"failureMessages":[],"fullName":"buildWeeklySchedule – reglas de planificación [HARDENING] VACACIONES debe forzar el status a OFF","invocations":1,"location":null,"numPassingAsserts":4,"retryReasons":[],"status":"passed","title":"[HARDENING] VACACIONES debe forzar el status a OFF"},{"ancestorTitles":["buildWeeklySchedule – reglas de planificación"],"duration":1,"failureDetails":[],"failureMessages":[],"fullName":"buildWeeklySchedule – reglas de planificación [HARDENING] OVERRIDE (toggle) debe cambiar OFF a WORKING en un día de descanso base (Sábado)","invocations":1,"location":null,"numPassingAsserts":3,"retryReasons":[],"status":"passed","title":"[HARDENING] OVERRIDE (toggle) debe cambiar OFF a WORKING en un día de descanso base (Sábado)"},{"ancestorTitles":["buildWeeklySchedule – reglas de planificación"],"duration":1,"failureDetails":[],"failureMessages":[],"fullName":"buildWeeklySchedule – reglas de planificación [HARDENING] OVERRIDE (toggle) debe cambiar WORKING a OFF en un día laboral base (Lunes)","invocations":1,"location":null,"numPassingAsserts":3,"retryReasons":[],"status":"passed","title":"[HARDENING] OVERRIDE (toggle) debe cambiar WORKING a OFF en un día laboral base (Lunes)"},{"ancestorTitles":["buildWeeklySchedule – Lógica de Turnos Mixtos (HARDENED)"],"duration":1,"failureDetails":[],"failureMessages":[],"fullName":"buildWeeklySchedule – Lógica de Turnos Mixtos (HARDENED) [MIXED] MIX_WEEKDAY trabaja BOTH de lunes a jueves","invocations":1,"location":null,"numPassingAsserts":4,"retryReasons":[],"status":"passed","title":"[MIXED] MIX_WEEKDAY trabaja BOTH de lunes a jueves"},{"ancestorTitles":["buildWeeklySchedule – Lógica de Turnos Mixtos (HARDENED)"],"duration":1,"failureDetails":[],"failureMessages":[],"fullName":"buildWeeklySchedule – Lógica de Turnos Mixtos (HARDENED) [MIXED] MIX_WEEKDAY vuelve a SINGLE(baseShift) viernes a domingo","invocations":1,"location":null,"numPassingAsserts":3,"retryReasons":[],"status":"passed","title":"[MIXED] MIX_WEEKDAY vuelve a SINGLE(baseShift) viernes a domingo"},{"ancestorTitles":["buildWeeklySchedule – Lógica de Turnos Mixtos (HARDENED)"],"duration":1,"failureDetails":[],"failureMessages":[],"fullName":"buildWeeklySchedule – Lógica de Turnos Mixtos (HARDENED) [MIXED] baseSchedule OFF anula día mixto","invocations":1,"location":null,"numPassingAsserts":2,"retryReasons":[],"status":"passed","title":"[MIXED] baseSchedule OFF anula día mixto"},{"ancestorTitles":["buildWeeklySchedule – Lógica de Turnos Mixtos (HARDENED)"],"duration":1,"failureDetails":[],"failureMessages":[],"fullName":"buildWeeklySchedule – Lógica de Turnos Mixtos (HARDENED) [MIXED][OVERRIDE] OVERRIDE que pone en OFF a un dia BOTH funciona","invocations":1,"location":null,"numPassingAsserts":3,"retryReasons":[],"status":"passed","title":"[MIXED][OVERRIDE] OVERRIDE que pone en OFF a un dia BOTH funciona"},{"ancestorTitles":["buildWeeklySchedule – Lógica de Turnos Mixtos (HARDENED)"],"duration":1,"failureDetails":[],"failureMessages":[],"fullName":"buildWeeklySchedule – Lógica de Turnos Mixtos (HARDENED) [MIXED][OVERRIDE] OVERRIDE fuerza SINGLE(NIGHT) en día BOTH","invocations":1,"location":null,"numPassingAsserts":3,"retryReasons":[],"status":"passed","title":"[MIXED][OVERRIDE] OVERRIDE fuerza SINGLE(NIGHT) en día BOTH"},{"ancestorTitles":["buildWeeklySchedule – Lógica de Turnos Mixtos (HARDENED)"],"duration":0,"failureDetails":[],"failureMessages":[],"fullName":"buildWeeklySchedule – Lógica de Turnos Mixtos (HARDENED) [MIXED] VACACIONES anula cualquier asignación mixta","invocations":1,"location":null,"numPassingAsserts":2,"retryReasons":[],"status":"passed","title":"[MIXED] VACACIONES anula cualquier asignación mixta"},{"ancestorTitles":["buildWeeklySchedule – Lógica de Turnos Mixtos (HARDENED)"],"duration":1,"failureDetails":[],"failureMessages":[],"fullName":"buildWeeklySchedule – Lógica de Turnos Mixtos (HARDENED) [CONTRACT] permite override en un día no-mixto de un representante mixto","invocations":1,"location":null,"numPassingAsserts":3,"retryReasons":[],"status":"passed","title":"[CONTRACT] permite override en un día no-mixto de un representante mixto"},{"ancestorTitles":["buildWeeklySchedule – Lógica de Turnos Mixtos (HARDENED)"],"duration":1,"failureDetails":[],"failureMessages":[],"fullName":"buildWeeklySchedule – Lógica de Turnos Mixtos (HARDENED) [CONTRACT] ignora un override cuando existe una LICENCIA","invocations":1,"location":null,"numPassingAsserts":4,"retryReasons":[],"status":"passed","title":"[CONTRACT] ignora un override cuando existe una LICENCIA"},{"ancestorTitles":["buildWeeklySchedule – Lógica de Turnos Mixtos (HARDENED)"],"duration":0,"failureDetails":[],"failureMessages":[],"fullName":"buildWeeklySchedule – Lógica de Turnos Mixtos (HARDENED) [CONTRACT] allows a mixed WEEKEND agent to be forced BOTH on a weekday via override","invocations":1,"location":null,"numPassingAsserts":3,"retryReasons":[],"status":"passed","title":"[CONTRACT] allows a mixed WEEKEND agent to be forced BOTH on a weekday via override"},{"ancestorTitles":["buildWeeklySchedule – Lógica de Turnos Mixtos (HARDENED)"],"duration":1,"failureDetails":[],"failureMessages":[],"fullName":"buildWeeklySchedule – Lógica de Turnos Mixtos (HARDENED) [CONTRACT][SCENARIO] allows a mixed WEEKEND agent (base NIGHT) to be forced SINGLE(DAY) on a weekday","invocations":1,"location":null,"numPassingAsserts":4,"retryReasons":[],"status":"passed","title":"[CONTRACT][SCENARIO] allows a mixed WEEKEND agent (base NIGHT) to be forced SINGLE(DAY) on a weekday"}],"endTime":1769410760821,"message":"","name":"C:\\Users\\Junior Ulloa\\Documents\\GitHub\\PLANNING ENGINE  V 15\\__tests__\\domain\\planning\\buildWeeklySchedule.test.ts","startTime":1769410760636,"status":"passed","summary":""},{"assertionResults":[{"ancestorTitles":["Integration: Vacaciones con Feriados Marcados desde UI"],"duration":17,"failureDetails":[],"failureMessages":[],"fullName":"Integration: Vacaciones con Feriados Marcados desde UI Flujo completo: Marcar feriado en UI y calcular vacaciones","invocations":1,"location":null,"numPassingAsserts":8,"retryReasons":[],"status":"passed","title":"Flujo completo: Marcar feriado en UI y calcular vacaciones"},{"ancestorTitles":["Integration: Vacaciones con Feriados Marcados desde UI"],"duration":3,"failureDetails":[],"failureMessages":[],"fullName":"Integration: Vacaciones con Feriados Marcados desde UI Múltiples feriados: El sistema debe excluir todos los feriados marcados","invocations":1,"location":null,"numPassingAsserts":5,"retryReasons":[],"status":"passed","title":"Múltiples feriados: El sistema debe excluir todos los feriados marcados"},{"ancestorTitles":["Integration: Vacaciones con Feriados Marcados desde UI"],"duration":9,"failureDetails":[],"failureMessages":[],"fullName":"Integration: Vacaciones con Feriados Marcados desde UI Feriado en medio de vacaciones: Se salta y continúa contando","invocations":1,"location":null,"numPassingAsserts":3,"retryReasons":[],"status":"passed","title":"Feriado en medio de vacaciones: Se salta y continúa contando"},{"ancestorTitles":["Integration: Vacaciones con Feriados Marcados desde UI"],"duration":2,"failureDetails":[],"failureMessages":[],"fullName":"Integration: Vacaciones con Feriados Marcados desde UI Sin feriados configurados: Comportamiento normal","invocations":1,"location":null,"numPassingAsserts":2,"retryReasons":[],"status":"passed","title":"Sin feriados configurados: Comportamiento normal"}],"endTime":1769410760995,"message":"","name":"C:\\Users\\Junior Ulloa\\Documents\\GitHub\\PLANNING ENGINE  V 15\\__tests__\\integration\\vacations-with-holidays.test.ts","startTime":1769410760833,"status":"passed","summary":""},{"assertionResults":[{"ancestorTitles":["🛡️ HOSTILE TESTING: Ongoing Incidents Architecture"],"duration":2,"failureDetails":[],"failureMessages":[],"fullName":"🛡️ HOSTILE TESTING: Ongoing Incidents Architecture 🚫 Should IGNORE non-ongoing types (TARDANZA)","invocations":1,"location":null,"numPassingAsserts":1,"retryReasons":[],"status":"passed","title":"🚫 Should IGNORE non-ongoing types (TARDANZA)"},{"ancestorTitles":["🛡️ HOSTILE TESTING: Ongoing Incidents Architecture"],"duration":1,"failureDetails":[],"failureMessages":[],"fullName":"🛡️ HOSTILE TESTING: Ongoing Incidents Architecture 🚫 Should IGNORE incidents without returnDate","invocations":1,"location":null,"numPassingAsserts":0,"retryReasons":[],"status":"passed","title":"🚫 Should IGNORE incidents without returnDate"},{"ancestorTitles":["🛡️ HOSTILE TESTING: Ongoing Incidents Architecture"],"duration":2,"failureDetails":[],"failureMessages":[],"fullName":"🛡️ HOSTILE TESTING: Ongoing Incidents Architecture ✅ Should define progress purely based on resolved days (Index lookup)","invocations":1,"location":null,"numPassingAsserts":7,"retryReasons":[],"status":"passed","title":"✅ Should define progress purely based on resolved days (Index lookup)"},{"ancestorTitles":["🛡️ HOSTILE TESTING: Ongoing Incidents Architecture"],"duration":0,"failureDetails":[],"failureMessages":[],"fullName":"🛡️ HOSTILE TESTING: Ongoing Incidents Architecture 🛑 Should NOT exist on Return Date","invocations":1,"location":null,"numPassingAsserts":1,"retryReasons":[],"status":"passed","title":"🛑 Should NOT exist on Return Date"},{"ancestorTitles":["🛡️ HOSTILE TESTING: Ongoing Incidents Architecture"],"duration":1,"failureDetails":[],"failureMessages":[],"fullName":"🛡️ HOSTILE TESTING: Ongoing Incidents Architecture 🛑 Should NOT exist BEFORE Start Date","invocations":1,"location":null,"numPassingAsserts":1,"retryReasons":[],"status":"passed","title":"🛑 Should NOT exist BEFORE Start Date"},{"ancestorTitles":["🛡️ HOSTILE TESTING: Ongoing Incidents Architecture"],"duration":1,"failureDetails":[],"failureMessages":[],"fullName":"🛡️ HOSTILE TESTING: Ongoing Incidents Architecture 🧪 Should handle \"Gap\" days correctly (Weekend in middle)","invocations":1,"location":null,"numPassingAsserts":3,"retryReasons":[],"status":"passed","title":"🧪 Should handle \"Gap\" days correctly (Weekend in middle)"},{"ancestorTitles":["🛡️ HOSTILE TESTING: Ongoing Incidents Architecture"],"duration":1,"failureDetails":[],"failureMessages":[],"fullName":"🛡️ HOSTILE TESTING: Ongoing Incidents Architecture ⚖️ Should SORT by Progress DESC -> Return Date ASC","invocations":1,"location":null,"numPassingAsserts":3,"retryReasons":[],"status":"passed","title":"⚖️ Should SORT by Progress DESC -> Return Date ASC"}],"endTime":1769410761236,"message":"","name":"C:\\Users\\Junior Ulloa\\Documents\\GitHub\\PLANNING ENGINE  V 15\\src\\ui\\logs\\__tests__\\ongoingEventsHostile.test.ts","startTime":1769410761026,"status":"passed","summary":""},{"assertionResults":[{"ancestorTitles":["Structural Fairness Analysis"],"duration":2,"failureDetails":[],"failureMessages":[],"fullName":"Structural Fairness Analysis should return STABLE for balanced teams","invocations":1,"location":null,"numPassingAsserts":2,"retryReasons":[],"status":"passed","title":"should return STABLE for balanced teams"},{"ancestorTitles":["Structural Fairness Analysis"],"duration":1,"failureDetails":[],"failureMessages":[],"fullName":"Structural Fairness Analysis should detect STATISTICAL OUTLIER (Rule 1)","invocations":1,"location":null,"numPassingAsserts":3,"retryReasons":[],"status":"passed","title":"should detect STATISTICAL OUTLIER (Rule 1)"},{"ancestorTitles":["Structural Fairness Analysis"],"duration":1,"failureDetails":[],"failureMessages":[],"fullName":"Structural Fairness Analysis should detect STRUCTURAL PUNISHMENT (Rule 2: 3 Nights + Weekend)","invocations":1,"location":null,"numPassingAsserts":4,"retryReasons":[],"status":"passed","title":"should detect STRUCTURAL PUNISHMENT (Rule 2: 3 Nights + Weekend)"}],"endTime":1769410761429,"message":"","name":"C:\\Users\\Junior Ulloa\\Documents\\GitHub\\PLANNING ENGINE  V 15\\src\\domain\\management\\fairness.test.ts","startTime":1769410761247,"status":"passed","summary":""},{"assertionResults":[{"ancestorTitles":["buildOperationalAnalysis – Hostile"],"duration":22,"failureDetails":[],"failureMessages":[],"fullName":"buildOperationalAnalysis – Hostile revienta si se intenta MONTH vs QUARTER","invocations":1,"location":null,"numPassingAsserts":1,"retryReasons":[],"status":"passed","title":"revienta si se intenta MONTH vs QUARTER"},{"ancestorTitles":["buildOperationalAnalysis – Hostile"],"duration":2,"failureDetails":[],"failureMessages":[],"fullName":"buildOperationalAnalysis – Hostile revienta si base === compared (misma referencia)","invocations":1,"location":null,"numPassingAsserts":1,"retryReasons":[],"status":"passed","title":"revienta si base === compared (misma referencia)"},{"ancestorTitles":["buildOperationalAnalysis – Hostile"],"duration":1,"failureDetails":[],"failureMessages":[],"fullName":"buildOperationalAnalysis – Hostile revienta si base y compared son períodos idénticos (distinta identidad)","invocations":1,"location":null,"numPassingAsserts":1,"retryReasons":[],"status":"passed","title":"revienta si base y compared son períodos idénticos (distinta identidad)"},{"ancestorTitles":["buildOperationalAnalysis – Hostile"],"duration":2,"failureDetails":[],"failureMessages":[],"fullName":"buildOperationalAnalysis – Hostile acepta períodos válidos de la misma granularidad","invocations":1,"location":null,"numPassingAsserts":3,"retryReasons":[],"status":"passed","title":"acepta períodos válidos de la misma granularidad"},{"ancestorTitles":["buildOperationalAnalysis – Hostile"],"duration":2,"failureDetails":[],"failureMessages":[],"fullName":"buildOperationalAnalysis – Hostile acepta quarters válidos de la misma granularidad","invocations":1,"location":null,"numPassingAsserts":4,"retryReasons":[],"status":"passed","title":"acepta quarters válidos de la misma granularidad"}],"endTime":1769410761666,"message":"","name":"C:\\Users\\Junior Ulloa\\Documents\\GitHub\\PLANNING ENGINE  V 15\\src\\application\\analysis\\__tests__\\buildOperationalAnalysis.test.ts","startTime":1769410761440,"status":"passed","summary":""},{"assertionResults":[{"ancestorTitles":["Domain Rules: Incident Validation","canRegisterOnDate (Date-based Rules)"],"duration":1,"failureDetails":[],"failureMessages":[],"fullName":"Domain Rules: Incident Validation canRegisterOnDate (Date-based Rules) [HARDENING] should NOT allow registering punitive incidents in the future","invocations":1,"location":null,"numPassingAsserts":3,"retryReasons":[],"status":"passed","title":"[HARDENING] should NOT allow registering punitive incidents in the future"},{"ancestorTitles":["Domain Rules: Incident Validation","canRegisterOnDate (Date-based Rules)"],"duration":1,"failureDetails":[],"failureMessages":[],"fullName":"Domain Rules: Incident Validation canRegisterOnDate (Date-based Rules) [HARDENING] should allow registering VACACIONES in the future","invocations":1,"location":null,"numPassingAsserts":1,"retryReasons":[],"status":"passed","title":"[HARDENING] should allow registering VACACIONES in the future"},{"ancestorTitles":["Domain Rules: Incident Validation","canRegisterOnDate (Date-based Rules)"],"duration":1,"failureDetails":[],"failureMessages":[],"fullName":"Domain Rules: Incident Validation canRegisterOnDate (Date-based Rules) should allow registering any incident on a past or present date","invocations":1,"location":null,"numPassingAsserts":8,"retryReasons":[],"status":"passed","title":"should allow registering any incident on a past or present date"},{"ancestorTitles":["Domain Rules: Incident Validation","validateIncident (Interaction Rules)"],"duration":1,"failureDetails":[],"failureMessages":[],"fullName":"Domain Rules: Incident Validation validateIncident (Interaction Rules) [HARDENING] should always allow an OVERRIDE incident","invocations":1,"location":null,"numPassingAsserts":1,"retryReasons":[],"status":"passed","title":"[HARDENING] should always allow an OVERRIDE incident"},{"ancestorTitles":["Domain Rules: Incident Validation","validateIncident (Interaction Rules)"],"duration":4,"failureDetails":[],"failureMessages":[],"fullName":"Domain Rules: Incident Validation validateIncident (Interaction Rules) should fail if canRegisterOnDate fails","invocations":1,"location":null,"numPassingAsserts":3,"retryReasons":[],"status":"passed","title":"should fail if canRegisterOnDate fails"},{"ancestorTitles":["Domain Rules: Incident Validation","validateIncident (Interaction Rules)"],"duration":0,"failureDetails":[],"failureMessages":[],"fullName":"Domain Rules: Incident Validation validateIncident (Interaction Rules) should fail if trying to add an incident on a day with an existing AUSENCIA","invocations":1,"location":null,"numPassingAsserts":2,"retryReasons":[],"status":"passed","title":"should fail if trying to add an incident on a day with an existing AUSENCIA"},{"ancestorTitles":["Domain Rules: Incident Validation","validateIncident (Interaction Rules)"],"duration":1,"failureDetails":[],"failureMessages":[],"fullName":"Domain Rules: Incident Validation validateIncident (Interaction Rules) should fail if there is an overlap with existing VACACIONES","invocations":1,"location":null,"numPassingAsserts":2,"retryReasons":[],"status":"passed","title":"should fail if there is an overlap with existing VACACIONES"}],"endTime":1769410761883,"message":"","name":"C:\\Users\\Junior Ulloa\\Documents\\GitHub\\PLANNING ENGINE  V 15\\__tests__\\domain\\incidents\\validateIncident.test.ts","startTime":1769410761711,"status":"passed","summary":""},{"assertionResults":[{"ancestorTitles":["resolveEffectiveDuty"],"duration":1,"failureDetails":[],"failureMessages":[],"fullName":"resolveEffectiveDuty BASE: returns true if base assignment exists and no changes","invocations":1,"location":null,"numPassingAsserts":1,"retryReasons":[],"status":"passed","title":"BASE: returns true if base assignment exists and no changes"},{"ancestorTitles":["resolveEffectiveDuty"],"duration":1,"failureDetails":[],"failureMessages":[],"fullName":"resolveEffectiveDuty BASE: returns false if no assignment","invocations":1,"location":null,"numPassingAsserts":1,"retryReasons":[],"status":"passed","title":"BASE: returns false if no assignment"},{"ancestorTitles":["resolveEffectiveDuty"],"duration":1,"failureDetails":[],"failureMessages":[],"fullName":"resolveEffectiveDuty INCIDENT: blocking incident prevents work","invocations":1,"location":null,"numPassingAsserts":1,"retryReasons":[],"status":"passed","title":"INCIDENT: blocking incident prevents work"},{"ancestorTitles":["resolveEffectiveDuty","COVER"],"duration":1,"failureDetails":[],"failureMessages":[],"fullName":"resolveEffectiveDuty COVER COVERED: person being covered should NOT work","invocations":1,"location":null,"numPassingAsserts":1,"retryReasons":[],"status":"passed","title":"COVERED: person being covered should NOT work"},{"ancestorTitles":["resolveEffectiveDuty","COVER"],"duration":1,"failureDetails":[],"failureMessages":[],"fullName":"resolveEffectiveDuty COVER COVERING: person covering should WORK","invocations":1,"location":null,"numPassingAsserts":1,"retryReasons":[],"status":"passed","title":"COVERING: person covering should WORK"},{"ancestorTitles":["resolveEffectiveDuty","DOUBLE"],"duration":0,"failureDetails":[],"failureMessages":[],"fullName":"resolveEffectiveDuty DOUBLE DOUBLE: person doing double shift works","invocations":1,"location":null,"numPassingAsserts":1,"retryReasons":[],"status":"passed","title":"DOUBLE: person doing double shift works"},{"ancestorTitles":["resolveEffectiveDuty","SWAP (Exchange)"],"duration":0,"failureDetails":[],"failureMessages":[],"fullName":"resolveEffectiveDuty SWAP (Exchange) A (from) works NIGHT (toShift)","invocations":1,"location":null,"numPassingAsserts":1,"retryReasons":[],"status":"passed","title":"A (from) works NIGHT (toShift)"},{"ancestorTitles":["resolveEffectiveDuty","SWAP (Exchange)"],"duration":0,"failureDetails":[],"failureMessages":[],"fullName":"resolveEffectiveDuty SWAP (Exchange) A (from) does NOT work DAY (fromShift)","invocations":1,"location":null,"numPassingAsserts":1,"retryReasons":[],"status":"passed","title":"A (from) does NOT work DAY (fromShift)"},{"ancestorTitles":["resolveEffectiveDuty","SWAP (Exchange)"],"duration":1,"failureDetails":[],"failureMessages":[],"fullName":"resolveEffectiveDuty SWAP (Exchange) B (to) works DAY (fromShift)","invocations":1,"location":null,"numPassingAsserts":1,"retryReasons":[],"status":"passed","title":"B (to) works DAY (fromShift)"},{"ancestorTitles":["resolveEffectiveDuty","SWAP (Exchange)"],"duration":0,"failureDetails":[],"failureMessages":[],"fullName":"resolveEffectiveDuty SWAP (Exchange) B (to) does NOT work NIGHT (toShift)","invocations":1,"location":null,"numPassingAsserts":1,"retryReasons":[],"status":"passed","title":"B (to) does NOT work NIGHT (toShift)"}],"endTime":1769410762037,"message":"","name":"C:\\Users\\Junior Ulloa\\Documents\\GitHub\\PLANNING ENGINE  V 15\\src\\domain\\swaps\\__tests__\\resolveEffectiveDuty.test.ts","startTime":1769410761895,"status":"passed","summary":""},{"assertionResults":[{"ancestorTitles":["buildDailyEffectiveContext"],"duration":2,"failureDetails":[],"failureMessages":[],"fullName":"buildDailyEffectiveContext calcula turnos base correctamente sin swaps","invocations":1,"location":null,"numPassingAsserts":4,"retryReasons":[],"status":"passed","title":"calcula turnos base correctamente sin swaps"},{"ancestorTitles":["buildDailyEffectiveContext"],"duration":1,"failureDetails":[],"failureMessages":[],"fullName":"buildDailyEffectiveContext calcula turnos efectivos después de un COVER","invocations":1,"location":null,"numPassingAsserts":4,"retryReasons":[],"status":"passed","title":"calcula turnos efectivos después de un COVER"},{"ancestorTitles":["buildDailyEffectiveContext"],"duration":1,"failureDetails":[],"failureMessages":[],"fullName":"buildDailyEffectiveContext 🚨 BUG CRÍTICO: detecta doble cobertura del mismo turno","invocations":1,"location":null,"numPassingAsserts":2,"retryReasons":[],"status":"passed","title":"🚨 BUG CRÍTICO: detecta doble cobertura del mismo turno"},{"ancestorTitles":["buildDailyEffectiveContext"],"duration":1,"failureDetails":[],"failureMessages":[],"fullName":"buildDailyEffectiveContext detecta bloqueo por VACACIONES","invocations":1,"location":null,"numPassingAsserts":2,"retryReasons":[],"status":"passed","title":"detecta bloqueo por VACACIONES"},{"ancestorTitles":["buildDailyEffectiveContext"],"duration":0,"failureDetails":[],"failureMessages":[],"fullName":"buildDailyEffectiveContext calcula correctamente con perfil BOTH","invocations":1,"location":null,"numPassingAsserts":2,"retryReasons":[],"status":"passed","title":"calcula correctamente con perfil BOTH"}],"endTime":1769410762183,"message":"","name":"C:\\Users\\Junior Ulloa\\Documents\\GitHub\\PLANNING ENGINE  V 15\\__tests__\\domain\\swaps\\buildDailyEffectiveContext.test.ts","startTime":1769410762053,"status":"passed","summary":""},{"assertionResults":[{"ancestorTitles":["getEffectiveShiftAssignment"],"duration":0,"failureDetails":[],"failureMessages":[],"fullName":"getEffectiveShiftAssignment returns NONE if unavailable regardless of overrides or mix","invocations":1,"location":null,"numPassingAsserts":1,"retryReasons":[],"status":"passed","title":"returns NONE if unavailable regardless of overrides or mix"},{"ancestorTitles":["getEffectiveShiftAssignment"],"duration":0,"failureDetails":[],"failureMessages":[],"fullName":"getEffectiveShiftAssignment respects explicit override SINGLE","invocations":1,"location":null,"numPassingAsserts":1,"retryReasons":[],"status":"passed","title":"respects explicit override SINGLE"},{"ancestorTitles":["getEffectiveShiftAssignment"],"duration":1,"failureDetails":[],"failureMessages":[],"fullName":"getEffectiveShiftAssignment respects explicit override BOTH","invocations":1,"location":null,"numPassingAsserts":1,"retryReasons":[],"status":"passed","title":"respects explicit override BOTH"},{"ancestorTitles":["getEffectiveShiftAssignment"],"duration":0,"failureDetails":[],"failureMessages":[],"fullName":"getEffectiveShiftAssignment falls back to mix profile when no override","invocations":1,"location":null,"numPassingAsserts":1,"retryReasons":[],"status":"passed","title":"falls back to mix profile when no override"},{"ancestorTitles":["getEffectiveShiftAssignment"],"duration":0,"failureDetails":[],"failureMessages":[],"fullName":"getEffectiveShiftAssignment returns base shift when no mix and no override","invocations":1,"location":null,"numPassingAsserts":1,"retryReasons":[],"status":"passed","title":"returns base shift when no mix and no override"}],"endTime":1769410762331,"message":"","name":"C:\\Users\\Junior Ulloa\\Documents\\GitHub\\PLANNING ENGINE  V 15\\__tests__\\domain\\planning\\effectiveShiftAssignment.test.ts","startTime":1769410762193,"status":"passed","summary":""},{"assertionResults":[{"ancestorTitles":["Domain Logic Bugs Reproduction","Feature: License Calculation"],"duration":3,"failureDetails":[],"failureMessages":[],"fullName":"Domain Logic Bugs Reproduction Feature: License Calculation BUG 1 REPRO: LICENCIA should count strictly calendar days (including holidays/weekends)","invocations":1,"location":null,"numPassingAsserts":3,"retryReasons":[],"status":"passed","title":"BUG 1 REPRO: LICENCIA should count strictly calendar days (including holidays/weekends)"},{"ancestorTitles":["Domain Logic Bugs Reproduction","Feature: License Calculation"],"duration":1,"failureDetails":[],"failureMessages":[],"fullName":"Domain Logic Bugs Reproduction Feature: License Calculation BUG 1 EDGE CASE: Should calculate return date correctly when license ends before a long weekend","invocations":1,"location":null,"numPassingAsserts":2,"retryReasons":[],"status":"passed","title":"BUG 1 EDGE CASE: Should calculate return date correctly when license ends before a long weekend"},{"ancestorTitles":["Domain Logic Bugs Reproduction","Feature: Vacation Calculation"],"duration":1,"failureDetails":[],"failureMessages":[],"fullName":"Domain Logic Bugs Reproduction Feature: Vacation Calculation VACACIONES should count only working days (skipping holidays/weekends)","invocations":1,"location":null,"numPassingAsserts":3,"retryReasons":[],"status":"passed","title":"VACACIONES should count only working days (skipping holidays/weekends)"}],"endTime":1769410762466,"message":"","name":"C:\\Users\\Junior Ulloa\\Documents\\GitHub\\PLANNING ENGINE  V 15\\__tests__\\domain\\incidents\\resolveIncidentDates.test.ts","startTime":1769410762339,"status":"passed","summary":""},{"assertionResults":[{"ancestorTitles":["getEffectiveAssignmentsForPlanner"],"duration":2,"failureDetails":[],"failureMessages":[],"fullName":"getEffectiveAssignmentsForPlanner maps BASE role correctly","invocations":1,"location":null,"numPassingAsserts":3,"retryReasons":[],"status":"passed","title":"maps BASE role correctly"},{"ancestorTitles":["getEffectiveAssignmentsForPlanner"],"duration":1,"failureDetails":[],"failureMessages":[],"fullName":"getEffectiveAssignmentsForPlanner maps COVER role correctly","invocations":1,"location":null,"numPassingAsserts":4,"retryReasons":[],"status":"passed","title":"maps COVER role correctly"},{"ancestorTitles":["getEffectiveAssignmentsForPlanner"],"duration":2,"failureDetails":[],"failureMessages":[],"fullName":"getEffectiveAssignmentsForPlanner maps Incident blocking correctly","invocations":1,"location":null,"numPassingAsserts":2,"retryReasons":[],"status":"passed","title":"maps Incident blocking correctly"}],"endTime":1769410762659,"message":"","name":"C:\\Users\\Junior Ulloa\\Documents\\GitHub\\PLANNING ENGINE  V 15\\src\\application\\ui-adapters\\__tests__\\getEffectiveAssignmentsForPlanner.test.ts","startTime":1769410762478,"status":"passed","summary":""},{"assertionResults":[{"ancestorTitles":["getOngoingIncidents – hostile tests"],"duration":1,"failureDetails":[],"failureMessages":[],"fullName":"getOngoingIncidents – hostile tests does NOT return finished events","invocations":1,"location":null,"numPassingAsserts":1,"retryReasons":[],"status":"passed","title":"does NOT return finished events"},{"ancestorTitles":["getOngoingIncidents – hostile tests"],"duration":1,"failureDetails":[],"failureMessages":[],"fullName":"getOngoingIncidents – hostile tests returns event only while active","invocations":1,"location":null,"numPassingAsserts":3,"retryReasons":[],"status":"passed","title":"returns event only while active"},{"ancestorTitles":["getOngoingIncidents – hostile tests"],"duration":1,"failureDetails":[],"failureMessages":[],"fullName":"getOngoingIncidents – hostile tests progress advances with date","invocations":1,"location":null,"numPassingAsserts":2,"retryReasons":[],"status":"passed","title":"progress advances with date"},{"ancestorTitles":["getOngoingIncidents – hostile tests"],"duration":1,"failureDetails":[],"failureMessages":[],"fullName":"getOngoingIncidents – hostile tests orders by most advanced first","invocations":1,"location":null,"numPassingAsserts":2,"retryReasons":[],"status":"passed","title":"orders by most advanced first"},{"ancestorTitles":["getOngoingIncidents – hostile tests"],"duration":1,"failureDetails":[],"failureMessages":[],"fullName":"getOngoingIncidents – hostile tests same progress → shorter duration first","invocations":1,"location":null,"numPassingAsserts":1,"retryReasons":[],"status":"passed","title":"same progress → shorter duration first"}],"endTime":1769410762796,"message":"","name":"C:\\Users\\Junior Ulloa\\Documents\\GitHub\\PLANNING ENGINE  V 15\\src\\application\\ui-adapters\\__tests__\\getOngoingIncidents.test.ts","startTime":1769410762670,"status":"passed","summary":""},{"assertionResults":[{"ancestorTitles":["PLANNER REGRESSION SUITE (The Seal)"],"duration":1,"failureDetails":[],"failureMessages":[],"fullName":"PLANNER REGRESSION SUITE (The Seal) Scenario 1: Happy Path (Baseline Sanity)","invocations":1,"location":null,"numPassingAsserts":2,"retryReasons":[],"status":"passed","title":"Scenario 1: Happy Path (Baseline Sanity)"},{"ancestorTitles":["PLANNER REGRESSION SUITE (The Seal)"],"duration":1,"failureDetails":[],"failureMessages":[],"fullName":"PLANNER REGRESSION SUITE (The Seal) Scenario 2: Successful Coverage (No Absence)","invocations":1,"location":null,"numPassingAsserts":1,"retryReasons":[],"status":"passed","title":"Scenario 2: Successful Coverage (No Absence)"},{"ancestorTitles":["PLANNER REGRESSION SUITE (The Seal)"],"duration":1,"failureDetails":[],"failureMessages":[],"fullName":"PLANNER REGRESSION SUITE (The Seal) Scenario 6: Disciplinary Identity (UI Clarity)","invocations":1,"location":null,"numPassingAsserts":2,"retryReasons":[],"status":"passed","title":"Scenario 6: Disciplinary Identity (UI Clarity)"},{"ancestorTitles":["PLANNER REGRESSION SUITE (The Seal)"],"duration":1,"failureDetails":[],"failureMessages":[],"fullName":"PLANNER REGRESSION SUITE (The Seal) Scenario 3: Coverage Failure (Critical Case)","invocations":1,"location":null,"numPassingAsserts":3,"retryReasons":[],"status":"passed","title":"Scenario 3: Coverage Failure (Critical Case)"},{"ancestorTitles":["PLANNER REGRESSION SUITE (The Seal)"],"duration":1,"failureDetails":[],"failureMessages":[],"fullName":"PLANNER REGRESSION SUITE (The Seal) Scenario 4: Double Failure (Real Call Center Case)","invocations":1,"location":null,"numPassingAsserts":3,"retryReasons":[],"status":"passed","title":"Scenario 4: Double Failure (Real Call Center Case)"},{"ancestorTitles":["PLANNER REGRESSION SUITE (The Seal)"],"duration":0,"failureDetails":[],"failureMessages":[],"fullName":"PLANNER REGRESSION SUITE (The Seal) Scenario 5: Anti-Cheat (Invariant Check)","invocations":1,"location":null,"numPassingAsserts":1,"retryReasons":[],"status":"passed","title":"Scenario 5: Anti-Cheat (Invariant Check)"}],"endTime":1769410762932,"message":"","name":"C:\\Users\\Junior Ulloa\\Documents\\GitHub\\PLANNING ENGINE  V 15\\src\\tests\\regression\\planner.regression.test.ts","startTime":1769410762806,"status":"passed","summary":""},{"assertionResults":[{"ancestorTitles":["checkIncidentConflicts"],"duration":2,"failureDetails":[],"failureMessages":[],"fullName":"checkIncidentConflicts should detect active vacation conflict","invocations":1,"location":null,"numPassingAsserts":3,"retryReasons":[],"status":"passed","title":"should detect active vacation conflict"},{"ancestorTitles":["checkIncidentConflicts"],"duration":1,"failureDetails":[],"failureMessages":[],"fullName":"checkIncidentConflicts should detect active license conflict","invocations":1,"location":null,"numPassingAsserts":3,"retryReasons":[],"status":"passed","title":"should detect active license conflict"},{"ancestorTitles":["checkIncidentConflicts"],"duration":0,"failureDetails":[],"failureMessages":[],"fullName":"checkIncidentConflicts should detect vacation overlap with new vacation","invocations":1,"location":null,"numPassingAsserts":3,"retryReasons":[],"status":"passed","title":"should detect vacation overlap with new vacation"},{"ancestorTitles":["checkIncidentConflicts"],"duration":0,"failureDetails":[],"failureMessages":[],"fullName":"checkIncidentConflicts should detect license overlap with new license","invocations":1,"location":null,"numPassingAsserts":3,"retryReasons":[],"status":"passed","title":"should detect license overlap with new license"},{"ancestorTitles":["checkIncidentConflicts"],"duration":0,"failureDetails":[],"failureMessages":[],"fullName":"checkIncidentConflicts should not detect conflict for different representative","invocations":1,"location":null,"numPassingAsserts":1,"retryReasons":[],"status":"passed","title":"should not detect conflict for different representative"},{"ancestorTitles":["checkIncidentConflicts"],"duration":1,"failureDetails":[],"failureMessages":[],"fullName":"checkIncidentConflicts should not detect conflict when no vacations/licenses exist","invocations":1,"location":null,"numPassingAsserts":2,"retryReasons":[],"status":"passed","title":"should not detect conflict when no vacations/licenses exist"},{"ancestorTitles":["checkIncidentConflicts"],"duration":0,"failureDetails":[],"failureMessages":[],"fullName":"checkIncidentConflicts should not flag conflict for simple incidents (TARDANZA, AUSENCIA, etc)","invocations":1,"location":null,"numPassingAsserts":1,"retryReasons":[],"status":"passed","title":"should not flag conflict for simple incidents (TARDANZA, AUSENCIA, etc)"}],"endTime":1769410763085,"message":"","name":"C:\\Users\\Junior Ulloa\\Documents\\GitHub\\PLANNING ENGINE  V 15\\__tests__\\domain\\incidents\\checkIncidentConflicts.test.ts","startTime":1769410762941,"status":"passed","summary":""},{"assertionResults":[{"ancestorTitles":["getEffectiveDailyLogData"],"duration":1,"failureDetails":[],"failureMessages":[],"fullName":"getEffectiveDailyLogData identifies WORKING status","invocations":1,"location":null,"numPassingAsserts":2,"retryReasons":[],"status":"passed","title":"identifies WORKING status"},{"ancestorTitles":["getEffectiveDailyLogData"],"duration":0,"failureDetails":[],"failureMessages":[],"fullName":"getEffectiveDailyLogData identifies COVERING and COVERED status","invocations":1,"location":null,"numPassingAsserts":4,"retryReasons":[],"status":"passed","title":"identifies COVERING and COVERED status"},{"ancestorTitles":["getEffectiveDailyLogData"],"duration":1,"failureDetails":[],"failureMessages":[],"fullName":"getEffectiveDailyLogData identifies ABSENT status via Incident","invocations":1,"location":null,"numPassingAsserts":2,"retryReasons":[],"status":"passed","title":"identifies ABSENT status via Incident"}],"endTime":1769410763215,"message":"","name":"C:\\Users\\Junior Ulloa\\Documents\\GitHub\\PLANNING ENGINE  V 15\\src\\application\\ui-adapters\\__tests__\\getEffectiveDailyLogData.test.ts","startTime":1769410763094,"status":"passed","summary":""},{"assertionResults":[{"ancestorTitles":["Domain Logic: getShiftCapabilities"],"duration":1,"failureDetails":[],"failureMessages":[],"fullName":"Domain Logic: getShiftCapabilities returns empty array if base schedule is OFF for that day","invocations":1,"location":null,"numPassingAsserts":1,"retryReasons":[],"status":"passed","title":"returns empty array if base schedule is OFF for that day"},{"ancestorTitles":["Domain Logic: getShiftCapabilities"],"duration":1,"failureDetails":[],"failureMessages":[],"fullName":"Domain Logic: getShiftCapabilities [HARDENING] returns empty array for a mixed rep on their base day off","invocations":1,"location":null,"numPassingAsserts":1,"retryReasons":[],"status":"passed","title":"[HARDENING] returns empty array for a mixed rep on their base day off"},{"ancestorTitles":["Domain Logic: getShiftCapabilities"],"duration":0,"failureDetails":[],"failureMessages":[],"fullName":"Domain Logic: getShiftCapabilities returns only base shift for a normal representative on a working day","invocations":1,"location":null,"numPassingAsserts":2,"retryReasons":[],"status":"passed","title":"returns only base shift for a normal representative on a working day"},{"ancestorTitles":["Domain Logic: getShiftCapabilities"],"duration":1,"failureDetails":[],"failureMessages":[],"fullName":"Domain Logic: getShiftCapabilities returns [DAY, NIGHT] for a WEEKDAY mixed rep on a weekday","invocations":1,"location":null,"numPassingAsserts":2,"retryReasons":[],"status":"passed","title":"returns [DAY, NIGHT] for a WEEKDAY mixed rep on a weekday"},{"ancestorTitles":["Domain Logic: getShiftCapabilities"],"duration":0,"failureDetails":[],"failureMessages":[],"fullName":"Domain Logic: getShiftCapabilities returns only base shift for a WEEKDAY mixed rep on a weekend","invocations":1,"location":null,"numPassingAsserts":2,"retryReasons":[],"status":"passed","title":"returns only base shift for a WEEKDAY mixed rep on a weekend"},{"ancestorTitles":["Domain Logic: getShiftCapabilities"],"duration":0,"failureDetails":[],"failureMessages":[],"fullName":"Domain Logic: getShiftCapabilities returns [DAY, NIGHT] for a WEEKEND mixed rep on a weekend","invocations":1,"location":null,"numPassingAsserts":2,"retryReasons":[],"status":"passed","title":"returns [DAY, NIGHT] for a WEEKEND mixed rep on a weekend"},{"ancestorTitles":["Domain Logic: getShiftCapabilities"],"duration":1,"failureDetails":[],"failureMessages":[],"fullName":"Domain Logic: getShiftCapabilities returns only base shift for a WEEKEND mixed rep on a weekday","invocations":1,"location":null,"numPassingAsserts":2,"retryReasons":[],"status":"passed","title":"returns only base shift for a WEEKEND mixed rep on a weekday"},{"ancestorTitles":["Domain Logic: getShiftCapabilities"],"duration":1,"failureDetails":[],"failureMessages":[],"fullName":"Domain Logic: getShiftCapabilities handles invalid dates gracefully by returning an empty array","invocations":1,"location":null,"numPassingAsserts":2,"retryReasons":[],"status":"passed","title":"handles invalid dates gracefully by returning an empty array"}],"endTime":1769410763356,"message":"","name":"C:\\Users\\Junior Ulloa\\Documents\\GitHub\\PLANNING ENGINE  V 15\\__tests__\\domain\\planning\\shiftCapability.test.ts","startTime":1769410763223,"status":"passed","summary":""},{"assertionResults":[{"ancestorTitles":["Coverage Responsibility Invariant (Hostile)"],"duration":2,"failureDetails":[],"failureMessages":[],"fullName":"Coverage Responsibility Invariant (Hostile) assigns absence to covering rep when coverage commitment is not executed","invocations":1,"location":null,"numPassingAsserts":8,"retryReasons":[],"status":"passed","title":"assigns absence to covering rep when coverage commitment is not executed"},{"ancestorTitles":["Coverage Responsibility Invariant (Hostile)"],"duration":1,"failureDetails":[],"failureMessages":[],"fullName":"Coverage Responsibility Invariant (Hostile) does NOT assign absence when covering rep shows up","invocations":1,"location":null,"numPassingAsserts":5,"retryReasons":[],"status":"passed","title":"does NOT assign absence when covering rep shows up"},{"ancestorTitles":["Coverage Responsibility Invariant (Hostile)"],"duration":1,"failureDetails":[],"failureMessages":[],"fullName":"Coverage Responsibility Invariant (Hostile) standard absence without coverage works as before","invocations":1,"location":null,"numPassingAsserts":5,"retryReasons":[],"status":"passed","title":"standard absence without coverage works as before"}],"endTime":1769410763506,"message":"","name":"C:\\Users\\Junior Ulloa\\Documents\\GitHub\\PLANNING ENGINE  V 15\\src\\application\\audit\\coverageResponsibility.hostile.test.ts","startTime":1769410763368,"status":"passed","summary":""},{"assertionResults":[{"ancestorTitles":["computeDailyCoverage"],"duration":2,"failureDetails":[],"failureMessages":[],"fullName":"computeDailyCoverage counts coverage correctly with mix profiles","invocations":1,"location":null,"numPassingAsserts":2,"retryReasons":[],"status":"passed","title":"counts coverage correctly with mix profiles"},{"ancestorTitles":["computeDailyCoverage"],"duration":1,"failureDetails":[],"failureMessages":[],"fullName":"computeDailyCoverage removes unavailable reps from coverage","invocations":1,"location":null,"numPassingAsserts":2,"retryReasons":[],"status":"passed","title":"removes unavailable reps from coverage"}],"endTime":1769410763633,"message":"","name":"C:\\Users\\Junior Ulloa\\Documents\\GitHub\\PLANNING ENGINE  V 15\\__tests__\\domain\\planning\\computeDailyCoverage.test.ts","startTime":1769410763515,"status":"passed","summary":""},{"assertionResults":[{"ancestorTitles":["🛡️ HOSTILE: Deterministic Incident Selection"],"duration":1,"failureDetails":[],"failureMessages":[],"fullName":"🛡️ HOSTILE: Deterministic Incident Selection Latest OVERRIDE wins when multiple exist (deterministic)","invocations":1,"location":null,"numPassingAsserts":4,"retryReasons":[],"status":"passed","title":"Latest OVERRIDE wins when multiple exist (deterministic)"},{"ancestorTitles":["🛡️ HOSTILE: Deterministic Incident Selection"],"duration":0,"failureDetails":[],"failureMessages":[],"fullName":"🛡️ HOSTILE: Deterministic Incident Selection Latest SWAP wins when multiple exist","invocations":1,"location":null,"numPassingAsserts":2,"retryReasons":[],"status":"passed","title":"Latest SWAP wins when multiple exist"}],"endTime":1769410763841,"message":"","name":"C:\\Users\\Junior Ulloa\\Documents\\GitHub\\PLANNING ENGINE  V 15\\src\\domain\\planning\\__tests__\\incidentDeterminism.hostile.test.ts","startTime":1769410763644,"status":"passed","summary":""},{"assertionResults":[{"ancestorTitles":["🛡️ HOSTILE: Incident Collision & Precedence"],"duration":1,"failureDetails":[],"failureMessages":[],"fullName":"🛡️ HOSTILE: Incident Collision & Precedence MONSTER CHECK: OVERRIDE + AUSENCIA + SWAP do not clobber each other","invocations":1,"location":null,"numPassingAsserts":3,"retryReasons":[],"status":"passed","title":"MONSTER CHECK: OVERRIDE + AUSENCIA + SWAP do not clobber each other"},{"ancestorTitles":["🛡️ HOSTILE: Incident Collision & Precedence"],"duration":1,"failureDetails":[],"failureMessages":[],"fullName":"🛡️ HOSTILE: Incident Collision & Precedence SWAP wins over Base/Special if no Override","invocations":1,"location":null,"numPassingAsserts":2,"retryReasons":[],"status":"passed","title":"SWAP wins over Base/Special if no Override"}],"endTime":1769410763997,"message":"","name":"C:\\Users\\Junior Ulloa\\Documents\\GitHub\\PLANNING ENGINE  V 15\\src\\domain\\planning\\__tests__\\incidentCollision.hostile.test.ts","startTime":1769410763850,"status":"passed","summary":""},{"assertionResults":[{"ancestorTitles":["🛡️ HOSTILE TESTING: getPlannedAgentsForDay"],"duration":1,"failureDetails":[],"failureMessages":[],"fullName":"🛡️ HOSTILE TESTING: getPlannedAgentsForDay MIXTO appears in BOTH DAY and NIGHT planners","invocations":1,"location":null,"numPassingAsserts":2,"retryReasons":[],"status":"passed","title":"MIXTO appears in BOTH DAY and NIGHT planners"}],"endTime":1769410764133,"message":"","name":"C:\\Users\\Junior Ulloa\\Documents\\GitHub\\PLANNING ENGINE  V 15\\src\\application\\ui-adapters\\__tests__\\getPlannedAgentsForDay.test.ts","startTime":1769410764005,"status":"passed","summary":""},{"assertionResults":[{"ancestorTitles":["getDailyShiftStats (Operational Reality)"],"duration":1,"failureDetails":[],"failureMessages":[],"fullName":"getDailyShiftStats (Operational Reality) counts present when no incidents exist","invocations":1,"location":null,"numPassingAsserts":2,"retryReasons":[],"status":"passed","title":"counts present when no incidents exist"},{"ancestorTitles":["getDailyShiftStats (Operational Reality)"],"duration":1,"failureDetails":[],"failureMessages":[],"fullName":"getDailyShiftStats (Operational Reality) reduces capacity for direct absence (Standard)","invocations":1,"location":null,"numPassingAsserts":2,"retryReasons":[],"status":"passed","title":"reduces capacity for direct absence (Standard)"},{"ancestorTitles":["getDailyShiftStats (Operational Reality)"],"duration":1,"failureDetails":[],"failureMessages":[],"fullName":"getDailyShiftStats (Operational Reality) reduces capacity for coverage failure (The Final Invariant)","invocations":1,"location":null,"numPassingAsserts":2,"retryReasons":[],"status":"passed","title":"reduces capacity for coverage failure (The Final Invariant)"},{"ancestorTitles":["getDailyShiftStats (Operational Reality)"],"duration":0,"failureDetails":[],"failureMessages":[],"fullName":"getDailyShiftStats (Operational Reality) does NOT reduce capacity for unrelated absence","invocations":1,"location":null,"numPassingAsserts":2,"retryReasons":[],"status":"passed","title":"does NOT reduce capacity for unrelated absence"}],"endTime":1769410764272,"message":"","name":"C:\\Users\\Junior Ulloa\\Documents\\GitHub\\PLANNING ENGINE  V 15\\src\\application\\ui-adapters\\getDailyShiftStats.test.ts","startTime":1769410764141,"status":"passed","summary":""},{"assertionResults":[{"ancestorTitles":["persistence/storage","loadState"],"duration":12,"failureDetails":[],"failureMessages":[],"fullName":"persistence/storage loadState should return and persist createInitialState when database is empty","invocations":1,"location":null,"numPassingAsserts":5,"retryReasons":[],"status":"passed","title":"should return and persist createInitialState when database is empty"},{"ancestorTitles":["persistence/storage","loadState"],"duration":3,"failureDetails":[],"failureMessages":[],"fullName
[...]
risk when coverage is sufficient","invocations":1,"location":null,"numPassingAsserts":3,"retryReasons":[],"status":"passed","title":"reports no risk when coverage is sufficient"}],"endTime":1769410765209,"message":"","name":"C:\\Users\\Junior Ulloa\\Documents\\GitHub\\PLANNING ENGINE  V 15\\__tests__\\domain\\planning\\computeCoverageDeficit.test.ts","startTime":1769410765161,"status":"passed","summary":""},{"assertionResults":[{"ancestorTitles":["getEffectiveDailyCoverage"],"duration":3,"failureDetails":[],"failureMessages":[],"fullName":"getEffectiveDailyCoverage calculates base coverage correctly (OK status)","invocations":1,"location":null,"numPassingAsserts":2,"retryReasons":[],"status":"passed","title":"calculates base coverage correctly (OK status)"},{"ancestorTitles":["getEffectiveDailyCoverage"],"duration":1,"failureDetails":[],"failureMessages":[],"fullName":"getEffectiveDailyCoverage reflects DOUBLE swap increment (SURPLUS)","invocations":1,"location":null,"numPassingAsserts":1,"retryReasons":[],"status":"passed","title":"reflects DOUBLE swap increment (SURPLUS)"},{"ancestorTitles":["getEffectiveDailyCoverage"],"duration":1,"failureDetails":[],"failureMessages":[],"fullName":"getEffectiveDailyCoverage reflects COVER as net zero","invocations":1,"location":null,"numPassingAsserts":2,"retryReasons":[],"status":"passed","title":"reflects COVER as net zero"}],"endTime":1769410765284,"message":"","name":"C:\\Users\\Junior Ulloa\\Documents\\GitHub\\PLANNING ENGINE  V 15\\src\\application\\ui-adapters\\__tests__\\getEffectiveDailyCoverage.test.ts","startTime":1769410765224,"status":"passed","summary":""},{"assertionResults":[{"ancestorTitles":["🛡️ HOSTILE: Plan vs Reality vs Computed"],"duration":1,"failureDetails":[],"failureMessages":[],"fullName":"🛡️ HOSTILE: Plan vs Reality vs Computed AUSENCIA on OVERRIDE: Shows in planner, does not count for incentives","invocations":1,"location":null,"numPassingAsserts":6,"retryReasons":[],"status":"passed","title":"AUSENCIA on OVERRIDE: Shows in planner, does not count for incentives"},{"ancestorTitles":["🛡️ HOSTILE: Plan vs Reality vs Computed"],"duration":0,"failureDetails":[],"failureMessages":[],"fullName":"🛡️ HOSTILE: Plan vs Reality vs Computed SWAP: Appears in planner with CUBRIENDO badge","invocations":1,"location":null,"numPassingAsserts":4,"retryReasons":[],"status":"passed","title":"SWAP: Appears in planner with CUBRIENDO badge"},{"ancestorTitles":["🛡️ HOSTILE: Plan vs Reality vs Computed"],"duration":0,"failureDetails":[],"failureMessages":[],"fullName":"🛡️ HOSTILE: Plan vs Reality vs Computed VACATION: Disappears from planner, nothing counts","invocations":1,"location":null,"numPassingAsserts":4,"retryReasons":[],"status":"passed","title":"VACATION: Disappears from planner, nothing counts"},{"ancestorTitles":["🛡️ HOSTILE: Plan vs Reality vs Computed"],"duration":0,"failureDetails":[],"failureMessages":[],"fullName":"🛡️ HOSTILE: Plan vs Reality vs Computed MIXTO assignment: Appears in both shifts","invocations":1,"location":null,"numPassingAsserts":1,"retryReasons":[],"status":"passed","title":"MIXTO assignment: Appears in both shifts"}],"endTime":1769410765346,"message":"","name":"C:\\Users\\Junior Ulloa\\Documents\\GitHub\\PLANNING ENGINE  V 15\\src\\domain\\planning\\__tests__\\computeDayMetrics.hostile.test.ts","startTime":1769410765294,"status":"passed","summary":""},{"assertionResults":[{"ancestorTitles":["🛡️ HOSTILE: Weekly Aggregation Rules"],"duration":1,"failureDetails":[],"failureMessages":[],"fullName":"🛡️ HOSTILE: Weekly Aggregation Rules 🔥 AUSENCIA rompe incentivos (6 trabajados + 1 ausencia)","invocations":1,"location":null,"numPassingAsserts":6,"retryReasons":[],"status":"passed","title":"🔥 AUSENCIA rompe incentivos (6 trabajados + 1 ausencia)"},{"ancestorTitles":["🛡️ HOSTILE: Weekly Aggregation Rules"],"duration":1,"failureDetails":[],"failureMessages":[],"fullName":"🛡️ HOSTILE: Weekly Aggregation Rules 🔥 VACACIONES no penalizan (4 trabajados + 3 vacaciones)","invocations":1,"location":null,"numPassingAsserts":5,"retryReasons":[],"status":"passed","title":"🔥 VACACIONES no penalizan (4 trabajados + 3 vacaciones)"},{"ancestorTitles":["🛡️ HOSTILE: Weekly Aggregation Rules"],"duration":0,"failureDetails":[],"failureMessages":[],"fullName":"🛡️ HOSTILE: Weekly Aggregation Rules 🔥 SWAP suma positivo (2 días cubriendo)","invocations":1,"location":null,"numPassingAsserts":4,"retryReasons":[],"status":"passed","title":"🔥 SWAP suma positivo (2 días cubriendo)"},{"ancestorTitles":["🛡️ HOSTILE: Weekly Aggregation Rules"],"duration":0,"failureDetails":[],"failureMessages":[],"fullName":"🛡️ HOSTILE: Weekly Aggregation Rules 🔥 MIXTO no duplica (7 días mixto = 7 días, no 14)","invocations":1,"location":null,"numPassingAsserts":3,"retryReasons":[],"status":"passed","title":"🔥 MIXTO no duplica (7 días mixto = 7 días, no 14)"},{"ancestorTitles":["🛡️ HOSTILE: Weekly Aggregation Rules"],"duration":0,"failureDetails":[],"failureMessages":[],"fullName":"🛡️ HOSTILE: Weekly Aggregation Rules Semana parcial (3 días trabajados, 4 OFF base)","invocations":1,"location":null,"numPassingAsserts":3,"retryReasons":[],"status":"passed","title":"Semana parcial (3 días trabajados, 4 OFF base)"}],"endTime":1769410765418,"message":"","name":"C:\\Users\\Junior Ulloa\\Documents\\GitHub\\PLANNING ENGINE  V 15\\src\\domain\\planning\\__tests__\\computeWeekMetrics.hostile.test.ts","startTime":1769410765354,"status":"passed","summary":""},{"assertionResults":[{"ancestorTitles":["applySwapsToCoverage"],"duration":1,"failureDetails":[],"failureMessages":[],"fullName":"applySwapsToCoverage COVER: net change is 0 (1 leaves, 1 enters)","invocations":1,"location":null,"numPassingAsserts":2,"retryReasons":[],"status":"passed","title":"COVER: net change is 0 (1 leaves, 1 enters)"},{"ancestorTitles":["applySwapsToCoverage"],"duration":0,"failureDetails":[],"failureMessages":[],"fullName":"applySwapsToCoverage DOUBLE: increases coverage by 1","invocations":1,"location":null,"numPassingAsserts":2,"retryReasons":[],"status":"passed","title":"DOUBLE: increases coverage by 1"},{"ancestorTitles":["applySwapsToCoverage"],"duration":0,"failureDetails":[],"failureMessages":[],"fullName":"applySwapsToCoverage SWAP: net change is 0 for both shifts","invocations":1,"location":null,"numPassingAsserts":2,"retryReasons":[],"status":"passed","title":"SWAP: net change is 0 for both shifts"},{"ancestorTitles":["applySwapsToCoverage"],"duration":0,"failureDetails":[],"failureMessages":[],"fullName":"applySwapsToCoverage ignores swaps on other dates","invocations":1,"location":null,"numPassingAsserts":1,"retryReasons":[],"status":"passed","title":"ignores swaps on other dates"}],"endTime":1769410765481,"message":"","name":"C:\\Users\\Junior Ulloa\\Documents\\GitHub\\PLANNING ENGINE  V 15\\src\\domain\\planning\\__tests__\\applySwapsToCoverage.test.ts","startTime":1769410765433,"status":"passed","summary":""},{"assertionResults":[{"ancestorTitles":["Domain Logic: applySwapsToCoverage"],"duration":1,"failureDetails":[],"failureMessages":[],"fullName":"Domain Logic: applySwapsToCoverage un swap simple NO debe cambiar el total de cobertura del turno","invocations":1,"location":null,"numPassingAsserts":2,"retryReasons":[],"status":"passed","title":"un swap simple NO debe cambiar el total de cobertura del turno"},{"ancestorTitles":["Domain Logic: applySwapsToCoverage"],"duration":0,"failureDetails":[],"failureMessages":[],"fullName":"Domain Logic: applySwapsToCoverage múltiples swaps en el mismo turno se aplican correctamente y no cambian el total","invocations":1,"location":null,"numPassingAsserts":2,"retryReasons":[],"status":"passed","title":"múltiples swaps en el mismo turno se aplican correctamente y no cambian el total"},{"ancestorTitles":["Domain Logic: applySwapsToCoverage"],"duration":1,"failureDetails":[],"failureMessages":[],"fullName":"Domain Logic: applySwapsToCoverage swaps en diferentes turnos funcionan independientemente y no cambian totales","invocations":1,"location":null,"numPassingAsserts":2,"retryReasons":[],"status":"passed","title":"swaps en diferentes turnos funcionan independientemente y no cambian totales"},{"ancestorTitles":["Domain Logic: applySwapsToCoverage"],"duration":1,"failureDetails":[],"failureMessages":[],"fullName":"Domain Logic: applySwapsToCoverage no muta el objeto de cobertura base original","invocations":1,"location":null,"numPassingAsserts":1,"retryReasons":[],"status":"passed","title":"no muta el objeto de cobertura base original"},{"ancestorTitles":["Domain Logic: applySwapsToCoverage"],"duration":0,"failureDetails":[],"failureMessages":[],"fullName":"Domain Logic: applySwapsToCoverage si no hay swaps, devuelve una copia idéntica de la cobertura base","invocations":1,"location":null,"numPassingAsserts":2,"retryReasons":[],"status":"passed","title":"si no hay swaps, devuelve una copia idéntica de la cobertura base"}],"endTime":1769410765555,"message":"","name":"C:\\Users\\Junior Ulloa\\Documents\\GitHub\\PLANNING ENGINE  V 15\\__tests__\\domain\\planning\\applySwapsToAssignment.test.ts","startTime":1769410765489,"status":"passed","summary":""},{"assertionResults":[{"ancestorTitles":["Hostile Store Validation (Simulation)"],"duration":4,"failureDetails":[],"failureMessages":[],"fullName":"Hostile Store Validation (Simulation) Rule 1: BLOCKS coverage absence without slotOwnerId","invocations":1,"location":null,"numPassingAsserts":1,"retryReasons":[],"status":"passed","title":"Rule 1: BLOCKS coverage absence without slotOwnerId"},{"ancestorTitles":["Hostile Store Validation (Simulation)"],"duration":2,"failureDetails":[],"failureMessages":[],"fullName":"Hostile Store Validation (Simulation) Rule 2: BLOCKS assignment to slot owner when coverage exists","invocations":1,"location":null,"numPassingAsserts":1,"retryReasons":[],"status":"passed","title":"Rule 2: BLOCKS assignment to slot owner when coverage exists"},{"ancestorTitles":["Hostile Store Validation (Simulation)"],"duration":0,"failureDetails":[],"failureMessages":[],"fullName":"Hostile Store Validation (Simulation) Rule 3: ALLOWS correct coverage assignment","invocations":1,"location":null,"numPassingAsserts":1,"retryReasons":[],"status":"passed","title":"Rule 3: ALLOWS correct coverage assignment"},{"ancestorTitles":["Hostile Store Validation (Simulation)"],"duration":0,"failureDetails":[],"failureMessages":[],"fullName":"Hostile Store Validation (Simulation) Rule 4: ALLOWS base absence","invocations":1,"location":null,"numPassingAsserts":1,"retryReasons":[],"status":"passed","title":"Rule 4: ALLOWS base absence"}],"endTime":1769410765616,"message":"","name":"C:\\Users\\Junior Ulloa\\Documents\\GitHub\\PLANNING ENGINE  V 15\\src\\store\\storeValidation.hostile.test.ts","startTime":1769410765563,"status":"passed","summary":""},{"assertionResults":[{"ancestorTitles":["resolveSlotResponsibility"],"duration":2,"failureDetails":[],"failureMessages":[],"fullName":"resolveSlotResponsibility resolves to clicked rep when no coverage exists (BASE)","invocations":1,"location":null,"numPassingAsserts":1,"retryReasons":[],"status":"passed","title":"resolves to clicked rep when no coverage exists (BASE)"},{"ancestorTitles":["resolveSlotResponsibility"],"duration":1,"failureDetails":[],"failureMessages":[],"fullName":"resolveSlotResponsibility resolves to covering rep when coverage exists (regardless of badge)","invocations":1,"location":null,"numPassingAsserts":1,"retryReasons":[],"status":"passed","title":"resolves to covering rep when coverage exists (regardless of badge)"},{"ancestorTitles":["resolveSlotResponsibility"],"duration":1,"failureDetails":[],"failureMessages":[],"fullName":"resolveSlotResponsibility resolves to UNASSIGNED when badge is CUBIERTO but no coverage exists","invocations":1,"location":null,"numPassingAsserts":1,"retryReasons":[],"status":"passed","title":"resolves to UNASSIGNED when badge is CUBIERTO but no coverage exists"},{"ancestorTitles":["resolveSlotResponsibility"],"duration":0,"failureDetails":[],"failureMessages":[],"fullName":"resolveSlotResponsibility resolves to UNASSIGNED when plan data is missing","invocations":1,"location":null,"numPassingAsserts":1,"retryReasons":[],"status":"passed","title":"resolves to UNASSIGNED when plan data is missing"}],"endTime":1769410765796,"message":"","name":"C:\\Users\\Junior Ulloa\\Documents\\GitHub\\PLANNING ENGINE  V 15\\src\\domain\\planning\\resolveSlotResponsibility.test.ts","startTime":1769410765627,"status":"passed","summary":""},{"assertionResults":[{"ancestorTitles":["🛡️ HOSTILE: Snapshot Resolution at Save"],"duration":3,"failureDetails":[],"failureMessages":[],"fullName":"🛡️ HOSTILE: Snapshot Resolution at Save Resolves BASE_REF to EXPLICIT states (Freezes history)","invocations":1,"location":null,"numPassingAsserts":16,"retryReasons":[],"status":"passed","title":"Resolves BASE_REF to EXPLICIT states (Freezes history)"},{"ancestorTitles":["🛡️ HOSTILE: Snapshot Resolution at Save"],"duration":1,"failureDetails":[],"failureMessages":[],"fullName":"🛡️ HOSTILE: Snapshot Resolution at Save Preserves Explicit Edits (Overrides Base)","invocations":1,"location":null,"numPassingAsserts":2,"retryReasons":[],"status":"passed","title":"Preserves Explicit Edits (Overrides Base)"},{"ancestorTitles":["🛡️ HOSTILE: Snapshot Resolution at Save"],"duration":1,"failureDetails":[],"failureMessages":[],"fullName":"🛡️ HOSTILE: Snapshot Resolution at Save Handles Base Change Simulation (History Freeze)","invocations":1,"location":null,"numPassingAsserts":3,"retryReasons":[],"status":"passed","title":"Handles Base Change Simulation (History Freeze)"}],"endTime":1769410765882,"message":"","name":"C:\\Users\\Junior Ulloa\\Documents\\GitHub\\PLANNING ENGINE  V 15\\src\\application\\scheduling\\__tests__\\resolveWeeklyPatternSnapshot.hostile.test.ts","startTime":1769410765805,"status":"passed","summary":""},{"assertionResults":[{"ancestorTitles":["Domain Logic: applySwapsToCoverage"],"duration":1,"failureDetails":[],"failureMessages":[],"fullName":"Domain Logic: applySwapsToCoverage un swap simple NO debe cambiar el total de cobertura del turno","invocations":1,"location":null,"numPassingAsserts":2,"retryReasons":[],"status":"passed","title":"un swap simple NO debe cambiar el total de cobertura del turno"},{"ancestorTitles":["Domain Logic: applySwapsToCoverage"],"duration":0,"failureDetails":[],"failureMessages":[],"fullName":"Domain Logic: applySwapsToCoverage múltiples swaps en el mismo turno se aplican correctamente y no cambian el total","invocations":1,"location":null,"numPassingAsserts":2,"retryReasons":[],"status":"passed","title":"múltiples swaps en el mismo turno se aplican correctamente y no cambian el total"},{"ancestorTitles":["Domain Logic: applySwapsToCoverage"],"duration":0,"failureDetails":[],"failureMessages":[],"fullName":"Domain Logic: applySwapsToCoverage swaps en diferentes turnos funcionan independientemente y no cambian totales","invocations":1,"location":null,"numPassingAsserts":2,"retryReasons":[],"status":"passed","title":"swaps en diferentes turnos funcionan independientemente y no cambian totales"},{"ancestorTitles":["Domain Logic: applySwapsToCoverage"],"duration":0,"failureDetails":[],"failureMessages":[],"fullName":"Domain Logic: applySwapsToCoverage no muta el objeto de cobertura base original","invocations":1,"location":null,"numPassingAsserts":1,"retryReasons":[],"status":"passed","title":"no muta el objeto de cobertura base original"},{"ancestorTitles":["Domain Logic: applySwapsToCoverage"],"duration":1,"failureDetails":[],"failureMessages":[],"fullName":"Domain Logic: applySwapsToCoverage si no hay swaps, devuelve una copia idéntica de la cobertura base","invocations":1,"location":null,"numPassingAsserts":2,"retryReasons":[],"status":"passed","title":"si no hay swaps, devuelve una copia idéntica de la cobertura base"}],"endTime":1769410765949,"message":"","name":"C:\\Users\\Junior Ulloa\\Documents\\GitHub\\PLANNING ENGINE  V 15\\__tests__\\domain\\planning\\applySwapsToCoverage.test.ts","startTime":1769410765892,"status":"passed","summary":""},{"assertionResults":[{"ancestorTitles":["Slot Operational Truth"],"duration":1,"failureDetails":[],"failureMessages":[],"fullName":"Slot Operational Truth marks slot empty on direct absence","invocations":1,"location":null,"numPassingAsserts":1,"retryReasons":[],"status":"passed","title":"marks slot empty on direct absence"},{"ancestorTitles":["Slot Operational Truth"],"duration":0,"failureDetails":[],"failureMessages":[],"fullName":"Slot Operational Truth marks slot empty on coverage failure","invocations":1,"location":null,"numPassingAsserts":1,"retryReasons":[],"status":"passed","title":"marks slot empty on coverage failure"},{"ancestorTitles":["Slot Operational Truth"],"duration":0,"failureDetails":[],"failureMessages":[],"fullName":"Slot Operational Truth does NOT mark slot empty if no relevant absence exists","invocations":1,"location":null,"numPassingAsserts":1,"retryReasons":[],"status":"passed","title":"does NOT mark slot empty if no relevant absence exists"},{"ancestorTitles":["Slot Operational Truth"],"duration":0,"failureDetails":[],"failureMessages":[],"fullName":"Slot Operational Truth does NOT mark slot empty if absence belongs to someone else (no link)","invocations":1,"location":null,"numPassingAsserts":1,"retryReasons":[],"status":"passed","title":"does NOT mark slot empty if absence belongs to someone else (no link)"}],"endTime":1769410766006,"message":"","name":"C:\\Users\\Junior Ulloa\\Documents\\GitHub\\PLANNING ENGINE  V 15\\src\\domain\\planning\\isSlotOperationallyEmpty.test.ts","startTime":1769410765960,"status":"passed","summary":""},{"assertionResults":[{"ancestorTitles":["🛡️ HOSTILE: Coverage Badge Integration"],"duration":2,"failureDetails":[],"failureMessages":[],"fullName":"🛡️ HOSTILE: Coverage Badge Integration 🔥 CUBIERTO: Person stays in planner, gets badge","invocations":1,"location":null,"numPassingAsserts":4,"retryReasons":[],"status":"passed","title":"🔥 CUBIERTO: Person stays in planner, gets badge"},{"ancestorTitles":["🛡️ HOSTILE: Coverage Badge Integration"],"duration":1,"failureDetails":[],"failureMessages":[],"fullName":"🛡️ HOSTILE: Coverage Badge Integration 🔥 CUBRIENDO: Person stays in their shift, gets badge","invocations":1,"location":null,"numPassingAsserts":3,"retryReasons":[],"status":"passed","title":"🔥 CUBRIENDO: Person stays in their shift, gets badge"},{"ancestorTitles":["🛡️ HOSTILE: Coverage Badge Integration"],"duration":1,"failureDetails":[],"failureMessages":[],"fullName":"🛡️ HOSTILE: Coverage Badge Integration 🔥 AUSENCIA takes priority over CUBIERTO badge","invocations":1,"location":null,"numPassingAsserts":2,"retryReasons":[],"status":"passed","title":"🔥 AUSENCIA takes priority over CUBIERTO badge"}],"endTime":1769410766090,"message":"","name":"C:\\Users\\Junior Ulloa\\Documents\\GitHub\\PLANNING ENGINE  V 15\\src\\domain\\planning\\__tests__\\coverageBadge.hostile.test.ts","startTime":1769410766015,"status":"passed","summary":""},{"assertionResults":[{"ancestorTitles":["KPI: Coverage Failure"],"duration":1,"failureDetails":[],"failureMessages":[],"fullName":"KPI: Coverage Failure counts coverage failures independently of base absences","invocations":1,"location":null,"numPassingAsserts":1,"retryReasons":[],"status":"passed","title":"counts coverage failures independently of base absences"},{"ancestorTitles":["KPI: Coverage Failure"],"duration":0,"failureDetails":[],"failureMessages":[],"fullName":"KPI: Coverage Failure returns 0 if no coverage failures exist","invocations":1,"location":null,"numPassingAsserts":1,"retryReasons":[],"status":"passed","title":"returns 0 if no coverage failures exist"}],"endTime":1769410766157,"message":"","name":"C:\\Users\\Junior Ulloa\\Documents\\GitHub\\PLANNING ENGINE  V 15\\src\\domain\\analytics\\computeCoverageFailureKPI.test.ts","startTime":1769410766101,"status":"passed","summary":""}],"wasInterrupted":false}
