__tests__/domain/incidents/checkIncidentConflicts.test.ts(10,5): error TS2353: Object literal may only specify known properties, and 'vacationDaysPerYear' does not exist in type 'Representative'.
__tests__/domain/incidents/checkIncidentConflicts.test.ts(18,41): error TS2353: Object literal may only specify known properties, and 'type' does not exist in type 'DayInfo'.
__tests__/domain/incidents/checkIncidentConflicts.test.ts(19,41): error TS2353: Object literal may only specify known properties, and 'type' does not exist in type 'DayInfo'.
__tests__/domain/incidents/checkIncidentConflicts.test.ts(20,41): error TS2353: Object literal may only specify known properties, and 'type' does not exist in type 'DayInfo'.
__tests__/domain/incidents/checkIncidentConflicts.test.ts(21,41): error TS2353: Object literal may only specify known properties, and 'type' does not exist in type 'DayInfo'.
__tests__/domain/incidents/checkIncidentConflicts.test.ts(22,41): error TS2353: Object literal may only specify known properties, and 'type' does not exist in type 'DayInfo'.
__tests__/domain/incidents/checkIncidentConflicts.test.ts(24,41): error TS2353: Object literal may only specify known properties, and 'type' does not exist in type 'DayInfo'.
__tests__/domain/incidents/checkIncidentConflicts.test.ts(25,41): error TS2353: Object literal may only specify known properties, and 'type' does not exist in type 'DayInfo'.
__tests__/domain/incidents/checkIncidentConflicts.test.ts(26,41): error TS2353: Object literal may only specify known properties, and 'type' does not exist in type 'DayInfo'.
__tests__/domain/incidents/checkIncidentConflicts.test.ts(27,41): error TS2353: Object literal may only specify known properties, and 'type' does not exist in type 'DayInfo'.
__tests__/domain/incidents/checkIncidentConflicts.test.ts(28,41): error TS2353: Object literal may only specify known properties, and 'type' does not exist in type 'DayInfo'.
__tests__/domain/incidents/checkIncidentConflicts.test.ts(29,41): error TS2353: Object literal may only specify known properties, and 'type' does not exist in type 'DayInfo'.
__tests__/domain/incidents/checkIncidentConflicts.test.ts(30,41): error TS2353: Object literal may only specify known properties, and 'type' does not exist in type 'DayInfo'.
__tests__/domain/incidents/checkIncidentConflicts.test.ts(32,41): error TS2353: Object literal may only specify known properties, and 'type' does not exist in type 'DayInfo'.
__tests__/domain/incidents/checkIncidentConflicts.test.ts(33,41): error TS2353: Object literal may only specify known properties, and 'type' does not exist in type 'DayInfo'.
__tests__/domain/incidents/checkIncidentConflicts.test.ts(34,41): error TS2353: Object literal may only specify known properties, and 'type' does not exist in type 'DayInfo'.
__tests__/domain/incidents/checkIncidentConflicts.test.ts(35,41): error TS2353: Object literal may only specify known properties, and 'type' does not exist in type 'DayInfo'.
__tests__/domain/incidents/checkIncidentConflicts.test.ts(36,41): error TS2353: Object literal may only specify known properties, and 'type' does not exist in type 'DayInfo'.
__tests__/domain/incidents/checkIncidentConflicts.test.ts(37,41): error TS2353: Object literal may only specify known properties, and 'type' does not exist in type 'DayInfo'.
__tests__/domain/incidents/checkIncidentConflicts.test.ts(38,41): error TS2353: Object literal may only specify known properties, and 'type' does not exist in type 'DayInfo'.
__tests__/domain/incidents/checkIncidentConflicts.test.ts(40,41): error TS2353: Object literal may only specify known properties, and 'type' does not exist in type 'DayInfo'.
__tests__/domain/incidents/checkIncidentConflicts.test.ts(41,41): error TS2353: Object literal may only specify known properties, and 'type' does not exist in type 'DayInfo'.
__tests__/domain/incidents/checkIncidentConflicts.test.ts(42,41): error TS2353: Object literal may only specify known properties, and 'type' does not exist in type 'DayInfo'.
__tests__/domain/incidents/checkIncidentConflicts.test.ts(43,41): error TS2353: Object literal may only specify known properties, and 'type' does not exist in type 'DayInfo'.
__tests__/domain/incidents/checkIncidentConflicts.test.ts(44,41): error TS2353: Object literal may only specify known properties, and 'type' does not exist in type 'DayInfo'.
__tests__/domain/incidents/checkIncidentConflicts.test.ts(45,41): error TS2353: Object literal may only specify known properties, and 'type' does not exist in type 'DayInfo'.
__tests__/domain/incidents/checkIncidentConflicts.test.ts(46,41): error TS2353: Object literal may only specify known properties, and 'type' does not exist in type 'DayInfo'.
__tests__/domain/incidents/resolveIncidentDates.test.ts(5,9): error TS2739: Type '{ id: string; name: string; baseSchedule: { 0: "OFF"; 1: "WORKING"; 2: "WORKING"; 3: "WORKING"; 4: "WORKING"; 5: "WORKING"; 6: "WORKING"; }; baseShift: "DAY"; }' is missing the following properties from type 'Representative': role, isActive, orderIndex
__tests__/domain/planning/applySwapsToAssignment.test.ts(14,7): error TS2322: Type '{ id: string; date: string; shift: "DAY"; fromRepresentativeId: string; toRepresentativeId: string; createdAt: string; }' is not assignable to type 'SwapEvent'.
  Property 'type' is missing in type '{ id: string; date: string; shift: "DAY"; fromRepresentativeId: string; toRepresentativeId: string; createdAt: string; }' but required in type '{ id: string; type: "COVER"; date: string; shift: ShiftType; fromRepresentativeId: string; toRepresentativeId: string; note?: string | undefined; createdAt: string; }'.
__tests__/domain/planning/applySwapsToAssignment.test.ts(37,7): error TS2322: Type '{ id: string; date: string; shift: "DAY"; fromRepresentativeId: string; toRepresentativeId: string; createdAt: string; }' is not assignable to type 'SwapEvent'.
  Property 'type' is missing in type '{ id: string; date: string; shift: "DAY"; fromRepresentativeId: string; toRepresentativeId: string; createdAt: string; }' but required in type '{ id: string; type: "COVER"; date: string; shift: ShiftType; fromRepresentativeId: string; toRepresentativeId: string; note?: string | undefined; createdAt: string; }'.
__tests__/domain/planning/applySwapsToAssignment.test.ts(45,7): error TS2322: Type '{ id: string; date: string; shift: "DAY"; fromRepresentativeId: string; toRepresentativeId: string; createdAt: string; }' is not assignable to type 'SwapEvent'.
  Property 'type' is missing in type '{ id: string; date: string; shift: "DAY"; fromRepresentativeId: string; toRepresentativeId: string; createdAt: string; }' but required in type '{ id: string; type: "COVER"; date: string; shift: ShiftType; fromRepresentativeId: string; toRepresentativeId: string; note?: string | undefined; createdAt: string; }'.
__tests__/domain/planning/applySwapsToAssignment.test.ts(66,7): error TS2322: Type '{ id: string; date: string; shift: "DAY"; fromRepresentativeId: string; toRepresentativeId: string; createdAt: string; }' is not assignable to type 'SwapEvent'.
  Property 'type' is missing in type '{ id: string; date: string; shift: "DAY"; fromRepresentativeId: string; toRepresentativeId: string; createdAt: string; }' but required in type '{ id: string; type: "COVER"; date: string; shift: ShiftType; fromRepresentativeId: string; toRepresentativeId: string; note?: string | undefined; createdAt: string; }'.
__tests__/domain/planning/applySwapsToAssignment.test.ts(74,7): error TS2322: Type '{ id: string; date: string; shift: "NIGHT"; fromRepresentativeId: string; toRepresentativeId: string; createdAt: string; }' is not assignable to type 'SwapEvent'.
  Property 'type' is missing in type '{ id: string; date: string; shift: "NIGHT"; fromRepresentativeId: string; toRepresentativeId: string; createdAt: string; }' but required in type '{ id: string; type: "COVER"; date: string; shift: ShiftType; fromRepresentativeId: string; toRepresentativeId: string; note?: string | undefined; createdAt: string; }'.
__tests__/domain/planning/applySwapsToAssignment.test.ts(96,7): error TS2322: Type '{ id: string; date: string; shift: "DAY"; fromRepresentativeId: string; toRepresentativeId: string; createdAt: string; }' is not assignable to type 'SwapEvent'.
  Property 'type' is missing in type '{ id: string; date: string; shift: "DAY"; fromRepresentativeId: string; toRepresentativeId: string; createdAt: string; }' but required in type '{ id: string; type: "COVER"; date: string; shift: ShiftType; fromRepresentativeId: string; toRepresentativeId: string; note?: string | undefined; createdAt: string; }'.
__tests__/domain/planning/applySwapsToCoverage.test.ts(14,7): error TS2322: Type '{ id: string; date: string; shift: "DAY"; fromRepresentativeId: string; toRepresentativeId: string; createdAt: string; }' is not assignable to type 'SwapEvent'.
  Property 'type' is missing in type '{ id: string; date: string; shift: "DAY"; fromRepresentativeId: string; toRepresentativeId: string; createdAt: string; }' but required in type '{ id: string; type: "COVER"; date: string; shift: ShiftType; fromRepresentativeId: string; toRepresentativeId: string; note?: string | undefined; createdAt: string; }'.
__tests__/domain/planning/applySwapsToCoverage.test.ts(37,7): error TS2322: Type '{ id: string; date: string; shift: "DAY"; fromRepresentativeId: string; toRepresentativeId: string; createdAt: string; }' is not assignable to type 'SwapEvent'.
  Property 'type' is missing in type '{ id: string; date: string; shift: "DAY"; fromRepresentativeId: string; toRepresentativeId: string; createdAt: string; }' but required in type '{ id: string; type: "COVER"; date: string; shift: ShiftType; fromRepresentativeId: string; toRepresentativeId: string; note?: string | undefined; createdAt: string; }'.
__tests__/domain/planning/applySwapsToCoverage.test.ts(45,7): error TS2322: Type '{ id: string; date: string; shift: "DAY"; fromRepresentativeId: string; toRepresentativeId: string; createdAt: string; }' is not assignable to type 'SwapEvent'.
  Property 'type' is missing in type '{ id: string; date: string; shift: "DAY"; fromRepresentativeId: string; toRepresentativeId: string; createdAt: string; }' but required in type '{ id: string; type: "COVER"; date: string; shift: ShiftType; fromRepresentativeId: string; toRepresentativeId: string; note?: string | undefined; createdAt: string; }'.
__tests__/domain/planning/applySwapsToCoverage.test.ts(66,7): error TS2322: Type '{ id: string; date: string; shift: "DAY"; fromRepresentativeId: string; toRepresentativeId: string; createdAt: string; }' is not assignable to type 'SwapEvent'.
  Property 'type' is missing in type '{ id: string; date: string; shift: "DAY"; fromRepresentativeId: string; toRepresentativeId: string; createdAt: string; }' but required in type '{ id: string; type: "COVER"; date: string; shift: ShiftType; fromRepresentativeId: string; toRepresentativeId: string; note?: string | undefined; createdAt: string; }'.
__tests__/domain/planning/applySwapsToCoverage.test.ts(74,7): error TS2322: Type '{ id: string; date: string; shift: "NIGHT"; fromRepresentativeId: string; toRepresentativeId: string; createdAt: string; }' is not assignable to type 'SwapEvent'.
  Property 'type' is missing in type '{ id: string; date: string; shift: "NIGHT"; fromRepresentativeId: string; toRepresentativeId: string; createdAt: string; }' but required in type '{ id: string; type: "COVER"; date: string; shift: ShiftType; fromRepresentativeId: string; toRepresentativeId: string; note?: string | undefined; createdAt: string; }'.
__tests__/domain/planning/applySwapsToCoverage.test.ts(96,7): error TS2322: Type '{ id: string; date: string; shift: "DAY"; fromRepresentativeId: string; toRepresentativeId: string; createdAt: string; }' is not assignable to type 'SwapEvent'.
  Property 'type' is missing in type '{ id: string; date: string; shift: "DAY"; fromRepresentativeId: string; toRepresentativeId: string; createdAt: string; }' but required in type '{ id: string; type: "COVER"; date: string; shift: ShiftType; fromRepresentativeId: string; toRepresentativeId: string; note?: string | undefined; createdAt: string; }'.
__tests__/domain/planning/buildWeeklySchedule.test.ts(9,5): error TS2739: Type '{ id: string; name: string; baseShift: "DAY"; baseSchedule: { 1: "WORKING"; }; }' is missing the following properties from type 'Representative': role, isActive, orderIndex
__tests__/domain/planning/buildWeeklySchedule.test.ts(15,5): error TS2739: Type '{ id: string; name: string; baseShift: "DAY"; baseSchedule: { 1: "WORKING"; }; }' is missing the following properties from type 'Representative': role, isActive, orderIndex
__tests__/domain/planning/buildWeeklySchedule.test.ts(21,5): error TS2739: Type '{ id: string; name: string; baseShift: "DAY"; baseSchedule: { 1: "WORKING"; }; }' is missing the following properties from type 'Representative': role, isActive, orderIndex
__tests__/domain/planning/buildWeeklySchedule.test.ts(66,67): error TS2345: Argument of type '(DayInfo | { date: string; dayOfWeek: number; kind: string; isSpecial: boolean; })[]' is not assignable to parameter of type 'DayInfo[]'.
  Type 'DayInfo | { date: string; dayOfWeek: number; kind: string; isSpecial: boolean; }' is not assignable to type 'DayInfo'.
    Type '{ date: string; dayOfWeek: number; kind: string; isSpecial: boolean; }' is not assignable to type 'DayInfo'.
      Types of property 'kind' are incompatible.
        Type 'string' is not assignable to type 'DayKind'.
__tests__/domain/planning/buildWeeklySchedule.test.ts(87,67): error TS2345: Argument of type '(DayInfo | { date: string; dayOfWeek: number; kind: string; isSpecial: boolean; })[]' is not assignable to parameter of type 'DayInfo[]'.
  Type 'DayInfo | { date: string; dayOfWeek: number; kind: string; isSpecial: boolean; }' is not assignable to type 'DayInfo'.
    Type '{ date: string; dayOfWeek: number; kind: string; isSpecial: boolean; }' is not assignable to type 'DayInfo'.
      Types of property 'kind' are incompatible.
        Type 'string' is not assignable to type 'DayKind'.
__tests__/domain/planning/buildWeeklySchedule.test.ts(111,67): error TS2345: Argument of type '(DayInfo | { date: string; dayOfWeek: number; kind: string; isSpecial: boolean; })[]' is not assignable to parameter of type 'DayInfo[]'.
  Type 'DayInfo | { date: string; dayOfWeek: number; kind: string; isSpecial: boolean; }' is not assignable to type 'DayInfo'.
    Type '{ date: string; dayOfWeek: number; kind: string; isSpecial: boolean; }' is not assignable to type 'DayInfo'.
      Types of property 'kind' are incompatible.
        Type 'string' is not assignable to type 'DayKind'.
__tests__/domain/planning/buildWeeklySchedule.test.ts(135,67): error TS2345: Argument of type '(DayInfo | { date: string; dayOfWeek: number; kind: string; isSpecial: boolean; })[]' is not assignable to parameter of type 'DayInfo[]'.
  Type 'DayInfo | { date: string; dayOfWeek: number; kind: string; isSpecial: boolean; }' is not assignable to type 'DayInfo'.
    Type '{ date: string; dayOfWeek: number; kind: string; isSpecial: boolean; }' is not assignable to type 'DayInfo'.
      Types of property 'kind' are incompatible.
        Type 'string' is not assignable to type 'DayKind'.
__tests__/domain/planning/buildWeeklySchedule.test.ts(161,7): error TS2739: Type '{ id: string; name: string; baseShift: "DAY"; baseSchedule: { 1: "WORKING"; 2: "WORKING"; 3: "WORKING"; 4: "WORKING"; 5: "WORKING"; }; mixProfile: { type: "WEEKDAY"; }; }' is missing the following properties from type 'Representative': role, isActive, orderIndex
__tests__/domain/planning/buildWeeklySchedule.test.ts(187,7): error TS2739: Type '{ id: string; name: string; baseShift: "DAY"; baseSchedule: { 5: "WORKING"; 6: "WORKING"; 0: "WORKING"; }; mixProfile: { type: "WEEKDAY"; }; }' is missing the following properties from type 'Representative': role, isActive, orderIndex
__tests__/domain/planning/buildWeeklySchedule.test.ts(215,7): error TS2739: Type '{ id: string; name: string; baseShift: "DAY"; baseSchedule: { 1: "OFF"; }; mixProfile: { type: "WEEKDAY"; }; }' is missing the following properties from type 'Representative': role, isActive, orderIndex
__tests__/domain/planning/buildWeeklySchedule.test.ts(233,7): error TS2739: Type '{ id: string; name: string; baseShift: "DAY"; baseSchedule: { 1: "WORKING"; }; mixProfile: { type: "WEEKDAY"; }; }' is missing the following properties from type 'Representative': role, isActive, orderIndex
__tests__/domain/planning/buildWeeklySchedule.test.ts(263,37): error TS2739: Type '{ id: string; name: string; baseShift: "DAY"; baseSchedule: { 1: "WORKING"; }; mixProfile: { type: "WEEKDAY"; }; }' is missing the following properties from type 'Representative': role, isActive, orderIndex
__tests__/domain/planning/buildWeeklySchedule.test.ts(293,7): error TS2739: Type '{ id: string; name: string; baseShift: "DAY"; baseSchedule: { 1: "WORKING"; }; mixProfile: { type: "WEEKDAY"; }; }' is missing the following properties from type 'Representative': role, isActive, orderIndex
__tests__/domain/planning/buildWeeklySchedule.test.ts(322,7): error TS2739: Type '{ id: string; name: string; baseShift: "DAY"; baseSchedule: { 1: "WORKING"; 5: "WORKING"; }; mixProfile: { type: "WEEKDAY"; }; }' is missing the following properties from type 'Representative': role, isActive, orderIndex
__tests__/domain/planning/buildWeeklySchedule.test.ts(353,37): error TS2739: Type '{ id: string; name: string; baseShift: "DAY"; baseSchedule: { 1: "WORKING"; }; }' is missing the following properties from type 'Representative': role, isActive, orderIndex
__tests__/domain/planning/buildWeeklySchedule.test.ts(393,7): error TS2739: Type '{ id: string; name: string; baseShift: "NIGHT"; baseSchedule: { 0: "WORKING"; 1: "WORKING"; 2: "WORKING"; 3: "WORKING"; 4: "WORKING"; 5: "WORKING"; 6: "WORKING"; }; mixProfile: { type: "WEEKEND"; }; }' is missing the following properties from type 'Representative': role, isActive, orderIndex
__tests__/domain/planning/buildWeeklySchedule.test.ts(426,7): error TS2739: Type '{ id: string; name: string; baseShift: "NIGHT"; baseSchedule: { 0: "WORKING"; 1: "WORKING"; 2: "WORKING"; 3: "WORKING"; 4: "WORKING"; 5: "WORKING"; 6: "WORKING"; }; mixProfile: { type: "WEEKEND"; }; }' is missing the following properties from type 'Representative': role, isActive, orderIndex
__tests__/domain/planning/buildWeeklySchedule.test.ts(453,12): error TS18048: 'day' is possibly 'undefined'.
__tests__/domain/planning/buildWeeklySchedule.test.ts(454,12): error TS18048: 'day' is possibly 'undefined'.
__tests__/domain/planning/buildWeeklySchedule.test.ts(455,12): error TS18048: 'day' is possibly 'undefined'.
__tests__/domain/planning/computeDailyCoverage.test.ts(7,5): error TS2739: Type '{ id: string; name: string; baseShift: "DAY"; baseSchedule: {}; }' is missing the following properties from type 'Representative': role, isActive, orderIndex
__tests__/domain/planning/computeDailyCoverage.test.ts(8,5): error TS2739: Type '{ id: string; name: string; baseShift: "DAY"; mixProfile: { type: "WEEKDAY"; }; baseSchedule: {}; }' is missing the following properties from type 'Representative': role, isActive, orderIndex
__tests__/domain/planning/computeDailyCoverage.test.ts(15,5): error TS2739: Type '{ id: string; name: string; baseShift: "NIGHT"; baseSchedule: {}; }' is missing the following properties from type 'Representative': role, isActive, orderIndex
__tests__/domain/planning/computeDailyCoverage.test.ts(56,7): error TS2322: Type '{ r2: { availability: string; date: ISODate; overrides?: { force?: ShiftAssignment; }; }; }' is not assignable to type 'Record<string, AssignmentContext>'.
  Property 'r2' is incompatible with index signature.
    Type '{ availability: string; date: ISODate; overrides?: { force?: ShiftAssignment; }; }' is not assignable to type 'AssignmentContext'.
      Types of property 'availability' are incompatible.
        Type 'string' is not assignable to type '"AVAILABLE" | "UNAVAILABLE"'.
__tests__/domain/planning/effectiveShiftAssignment.test.ts(6,9): error TS2739: Type '{ id: string; name: string; baseShift: "DAY"; baseSchedule: {}; }' is missing the following properties from type 'Representative': role, isActive, orderIndex
__tests__/domain/planning/effectiveShiftAssignment.test.ts(13,9): error TS2739: Type '{ id: string; name: string; baseShift: "DAY"; mixProfile: { type: "WEEKDAY"; }; baseSchedule: {}; }' is missing the following properties from type 'Representative': role, isActive, orderIndex
__tests__/domain/planning/shiftCapability.test.ts(10,25): error TS2739: Type '{ id: string; name: string; baseShift: "DAY" | "NIGHT"; baseSchedule: Record<number, "WORKING" | "OFF">; mixProfile: { type: "WEEKDAY" | "WEEKEND"; } | undefined; }' is missing the following properties from type 'Representative': role, isActive, orderIndex
__tests__/domain/swaps/buildDailyEffectiveContext.test.ts(16,9): error TS2741: Property 'orderIndex' is missing in type '{ id: string; name: string; baseSchedule: { 0: "OFF"; 1: "WORKING"; 2: "WORKING"; 3: "WORKING"; 4: "WORKING"; 5: "WORKING"; 6: "OFF"; }; baseShift: "DAY"; role: "SALES"; isActive: true; }' but required in type 'Representative'.
__tests__/domain/swaps/buildDailyEffectiveContext.test.ts(24,9): error TS2741: Property 'orderIndex' is missing in type '{ id: string; name: string; baseSchedule: { 0: "OFF"; 1: "WORKING"; 2: "WORKING"; 3: "WORKING"; 4: "WORKING"; 5: "WORKING"; 6: "OFF"; }; baseShift: "NIGHT"; role: "SALES"; isActive: true; }' but required in type 'Representative'.
__tests__/domain/swaps/buildDailyEffectiveContext.test.ts(32,9): error TS2741: Property 'orderIndex' is missing in type '{ id: string; name: string; baseSchedule: { 0: "OFF"; 1: "WORKING"; 2: "WORKING"; 3: "WORKING"; 4: "WORKING"; 5: "WORKING"; 6: "OFF"; }; baseShift: "NIGHT"; role: "SALES"; isActive: true; }' but required in type 'Representative'.
__tests__/domain/swaps/buildDailyEffectiveContext.test.ts(43,45): error TS2322: Type '"REGULAR"' is not assignable to type 'DayKind'.
__tests__/domain/swaps/buildDailyEffectiveContext.test.ts(116,13): error TS2322: Type '{ id: string; type: "COVER"; date: string; shift: "NIGHT"; fromRepresentativeId: string; toRepresentativeId: string; }' is not assignable to type 'SwapEvent'.
  Property 'createdAt' is missing in type '{ id: string; type: "COVER"; date: string; shift: "NIGHT"; fromRepresentativeId: string; toRepresentativeId: string; }' but required in type '{ id: string; type: "COVER"; date: string; shift: ShiftType; fromRepresentativeId: string; toRepresentativeId: string; note?: string | undefined; createdAt: string; }'.
__tests__/domain/swaps/buildDailyEffectiveContext.test.ts(182,15): error TS2322: Type '{ id: string; type: "COVER"; date: string; shift: "NIGHT"; fromRepresentativeId: string; toRepresentativeId: string; }' is not assignable to type 'SwapEvent'.
  Property 'createdAt' is missing in type '{ id: string; type: "COVER"; date: string; shift: "NIGHT"; fromRepresentativeId: string; toRepresentativeId: string; }' but required in type '{ id: string; type: "COVER"; date: string; shift: ShiftType; fromRepresentativeId: string; toRepresentativeId: string; note?: string | undefined; createdAt: string; }'.
__tests__/domain/swaps/buildDailyEffectiveContext.test.ts(205,15): error TS2322: Type '{ id: string; type: "COVER"; date: string; shift: "NIGHT"; fromRepresentativeId: string; toRepresentativeId: string; }' is not assignable to type 'SwapEvent'.
  Property 'createdAt' is missing in type '{ id: string; type: "COVER"; date: string; shift: "NIGHT"; fromRepresentativeId: string; toRepresentativeId: string; }' but required in type '{ id: string; type: "COVER"; date: string; shift: ShiftType; fromRepresentativeId: string; toRepresentativeId: string; note?: string | undefined; createdAt: string; }'.
__tests__/integration/vacations-with-holidays.test.ts(15,9): error TS2739: Type '{ id: string; name: string; baseSchedule: { 0: "OFF"; 1: "WORKING"; 2: "WORKING"; 3: "WORKING"; 4: "WORKING"; 5: "WORKING"; 6: "WORKING"; }; baseShift: "DAY"; }' is missing the following properties from type 'Representative': role, isActive, orderIndex
__tests__/persistence/storage.test.ts(147,13): error TS2322: Type '{ representatives: never[]; calendar: { specialDays: never[]; }; coverageRules: never[]; version: number; swaps: never[]; auditLog: never[]; historyEvents: never[]; }' is not assignable to type 'Omit<PlanningBaseState, "incidents"> & { version: number; }'.
  Type '{ representatives: never[]; calendar: { specialDays: never[]; }; coverageRules: never[]; version: number; swaps: never[]; auditLog: never[]; historyEvents: never[]; }' is missing the following properties from type 'Omit<PlanningBaseState, "incidents">': managementSchedules, specialSchedules, effectivePeriods, managers
__tests__/persistence/storage.test.ts(175,11): error TS2739: Type '{ id: string; name: string; baseSchedule: { 0: "OFF"; 1: "WORKING"; 2: "WORKING"; 3: "WORKING"; 4: "WORKING"; 5: "WORKING"; 6: "WORKING"; }; baseShift: "NIGHT"; }' is missing the following properties from type 'Representative': role, isActive, orderIndex
__tests__/persistence/storage.test.ts(243,11): error TS2739: Type '{ id: string; name: string; baseSchedule: { 0: "OFF"; 1: "WORKING"; 2: "WORKING"; 3: "WORKING"; 4: "WORKING"; 5: "WORKING"; 6: "WORKING"; }; baseShift: "DAY"; }' is missing the following properties from type 'Representative': role, isActive, orderIndex
__tests__/persistence/storage.test.ts(270,42): error TS2345: Argument of type '{ id: string; name: string; baseSchedule: { 0: "OFF"; 1: "WORKING"; 2: "WORKING"; 3: "WORKING"; 4: "WORKING"; 5: "WORKING"; 6: "WORKING"; }; baseShift: "DAY"; }' is not assignable to parameter of type 'Representative'.
  Type '{ id: string; name: string; baseSchedule: { 0: "OFF"; 1: "WORKING"; 2: "WORKING"; 3: "WORKING"; 4: "WORKING"; 5: "WORKING"; 6: "WORKING"; }; baseShift: "DAY"; }' is missing the following properties from type 'Representative': role, isActive, orderIndex
__tests__/persistence/storage.test.ts(298,11): error TS2739: Type '{ id: string; name: string; baseSchedule: { 0: "OFF"; 1: "WORKING"; 2: "WORKING"; 3: "WORKING"; 4: "WORKING"; 5: "WORKING"; 6: "WORKING"; }; baseShift: "DAY"; }' is missing the following properties from type 'Representative': role, isActive, orderIndex
src/application/stats/__tests__/getCoverageRiskSummary.test.ts(38,5): error TS2741: Property 'representatives' is missing in type '{ monthDays: DayInfo[]; weeklyPlans: WeeklyPlan[]; swaps: never[]; coverageRules: never[]; incidents: never[]; }' but required in type 'CoverageRiskInput'.
src/application/ui-adapters/__tests__/getEffectiveAssignmentsForPlanner.test.ts(10,21): error TS2739: Type '{ assignment: { type: "SINGLE"; shift: "DAY"; }; }' is missing the following properties from type 'DailyPresence': status, source
src/application/ui-adapters/__tests__/getEffectiveAssignmentsForPlanner.test.ts(14,21): error TS2739: Type '{ assignment: { type: "NONE"; }; }' is missing the following properties from type 'DailyPresence': status, source
src/application/ui-adapters/__tests__/getEffectiveAssignmentsForPlanner.test.ts(20,78): error TS2322: Type 'null' is not assignable to type 'string | undefined'.
src/application/ui-adapters/__tests__/getEffectiveAssignmentsForPlanner.test.ts(24,5): error TS2739: Type '{ id: string; name: string; baseSchedule: {}; baseShift: "DAY"; }' is missing the following properties from type 'Representative': role, isActive, orderIndex
src/application/ui-adapters/__tests__/getEffectiveAssignmentsForPlanner.test.ts(25,5): error TS2739: Type '{ id: string; name: string; baseSchedule: {}; baseShift: "NIGHT"; }' is missing the following properties from type 'Representative': role, isActive, orderIndex
src/application/ui-adapters/__tests__/getEffectiveDailyLogData.test.ts(9,21): error TS2739: Type '{ assignment: { type: "SINGLE"; shift: "DAY"; }; }' is missing the following properties from type 'DailyPresence': status, source
src/application/ui-adapters/__tests__/getEffectiveDailyLogData.test.ts(13,21): error TS2739: Type '{ assignment: { type: "NONE"; }; }' is missing the following properties from type 'DailyPresence': status, source
src/application/ui-adapters/__tests__/getEffectiveDailyLogData.test.ts(19,27): error TS2353: Object literal may only specify known properties, and 'isWorkingDay' does not exist in type 'DayInfo'.
src/application/ui-adapters/__tests__/getEffectiveDailyLogData.test.ts(23,66): error TS2322: Type '"DAY"' is not assignable to type 'DailyStatus'.
src/application/ui-adapters/__tests__/getEffectiveDailyLogData.test.ts(23,73): error TS2322: Type '"DAY"' is not assignable to type 'DailyStatus'.
src/application/ui-adapters/__tests__/getEffectiveDailyLogData.test.ts(23,80): error TS2322: Type '"DAY"' is not assignable to type 'DailyStatus'.
src/application/ui-adapters/__tests__/getEffectiveDailyLogData.test.ts(23,87): error TS2322: Type '"DAY"' is not assignable to type 'DailyStatus'.
src/application/ui-adapters/__tests__/getEffectiveDailyLogData.test.ts(23,94): error TS2322: Type '"DAY"' is not assignable to type 'DailyStatus'.
src/application/ui-adapters/__tests__/getEffectiveDailyLogData.test.ts(24,68): error TS2322: Type '"NIGHT"' is not assignable to type 'DailyStatus'.
src/application/ui-adapters/__tests__/getEffectiveDailyLogData.test.ts(24,77): error TS2322: Type '"NIGHT"' is not assignable to type 'DailyStatus'.
src/application/ui-adapters/__tests__/getEffectiveDailyLogData.test.ts(24,86): error TS2322: Type '"NIGHT"' is not assignable to type 'DailyStatus'.
src/application/ui-adapters/__tests__/getEffectiveDailyLogData.test.ts(24,95): error TS2322: Type '"NIGHT"' is not assignable to type 'DailyStatus'.
src/application/ui-adapters/__tests__/getEffectiveDailyLogData.test.ts(24,104): error TS2322: Type '"NIGHT"' is not assignable to type 'DailyStatus'.
src/domain/incidents/__tests__/resolvePunitiveResponsibility.test.ts(9,21): error TS2739: Type '{ assignment: { type: "SINGLE"; shift: "DAY"; }; }' is missing the following properties from type 'DailyPresence': status, source
src/domain/incidents/__tests__/resolvePunitiveResponsibility.test.ts(13,21): error TS2739: Type '{ assignment: { type: "NONE"; }; }' is missing the following properties from type 'DailyPresence': status, source
src/domain/planning/__tests__/applySwapsToCoverage.test.ts(2,21): error TS2305: Module '"@/domain/types"' has no exported member 'DailyShiftCoverage'.
src/domain/planning/__tests__/getEffectiveAssignmentForDay.test.ts(49,9): error TS2322: Type 'number' is not assignable to type 'string'.
src/domain/planning/__tests__/getEffectiveAssignmentForDay.test.ts(80,9): error TS2322: Type 'number' is not assignable to type 'string'.
src/domain/planning/__tests__/getEffectiveAssignmentForDay.test.ts(104,9): error TS2322: Type 'number' is not assignable to type 'string'.
src/domain/planning/__tests__/getEffectiveAssignmentForDay.test.ts(137,11): error TS2322: Type 'number' is not assignable to type 'string'.
src/domain/planning/__tests__/getEffectiveAssignmentForDay.test.ts(145,11): error TS2322: Type 'number' is not assignable to type 'string'.
src/domain/planning/buildWeeklySchedule.test.ts(6,5): error TS2739: Type '{ id: string; name: string; baseShift: "DAY"; baseSchedule: { 1: "WORKING"; }; }' is missing the following properties from type 'Representative': role, isActive, orderIndex
src/domain/planning/buildWeeklySchedule.test.ts(12,5): error TS2739: Type '{ id: string; name: string; baseShift: "DAY"; baseSchedule: { 1: "WORKING"; }; }' is missing the following properties from type 'Representative': role, isActive, orderIndex
src/domain/planning/buildWeeklySchedule.test.ts(18,5): error TS2739: Type '{ id: string; name: string; baseShift: "DAY"; baseSchedule: { 1: "WORKING"; }; }' is missing the following properties from type 'Representative': role, isActive, orderIndex
src/domain/planning/buildWeeklySchedule.test.ts(63,67): error TS2345: Argument of type '(DayInfo | { date: string; dayOfWeek: number; kind: string; isSpecial: boolean; })[]' is not assignable to parameter of type 'DayInfo[]'.
  Type 'DayInfo | { date: string; dayOfWeek: number; kind: string; isSpecial: boolean; }' is not assignable to type 'DayInfo'.
    Type '{ date: string; dayOfWeek: number; kind: string; isSpecial: boolean; }' is not assignable to type 'DayInfo'.
      Types of property 'kind' are incompatible.
        Type 'string' is not assignable to type 'DayKind'.
src/domain/planning/buildWeeklySchedule.test.ts(84,67): error TS2345: Argument of type '(DayInfo | { date: string; dayOfWeek: number; kind: string; isSpecial: boolean; })[]' is not assignable to parameter of type 'DayInfo[]'.
  Type 'DayInfo | { date: string; dayOfWeek: number; kind: string; isSpecial: boolean; }' is not assignable to type 'DayInfo'.
    Type '{ date: string; dayOfWeek: number; kind: string; isSpecial: boolean; }' is not assignable to type 'DayInfo'.
      Types of property 'kind' are incompatible.
        Type 'string' is not assignable to type 'DayKind'.
src/domain/planning/buildWeeklySchedule.test.ts(107,67): error TS2345: Argument of type '(DayInfo | { date: string; dayOfWeek: number; kind: string; isSpecial: boolean; })[]' is not assignable to parameter of type 'DayInfo[]'.
  Type 'DayInfo | { date: string; dayOfWeek: number; kind: string; isSpecial: boolean; }' is not assignable to type 'DayInfo'.
    Type '{ date: string; dayOfWeek: number; kind: string; isSpecial: boolean; }' is not assignable to type 'DayInfo'.
      Types of property 'kind' are incompatible.
        Type 'string' is not assignable to type 'DayKind'.
src/domain/planning/buildWeeklySchedule.test.ts(131,67): error TS2345: Argument of type '(DayInfo | { date: string; dayOfWeek: number; kind: string; isSpecial: boolean; })[]' is not assignable to parameter of type 'DayInfo[]'.
  Type 'DayInfo | { date: string; dayOfWeek: number; kind: string; isSpecial: boolean; }' is not assignable to type 'DayInfo'.
    Type '{ date: string; dayOfWeek: number; kind: string; isSpecial: boolean; }' is not assignable to type 'DayInfo'.
      Types of property 'kind' are incompatible.
        Type 'string' is not assignable to type 'DayKind'.
src/domain/selectors/__tests__/getSwapForCell.test.ts(19,7): error TS2322: Type 'number' is not assignable to type 'string'.
src/domain/selectors/__tests__/getSwapForCell.test.ts(27,7): error TS2322: Type 'number' is not assignable to type 'string'.
src/domain/selectors/__tests__/getSwapForCell.test.ts(37,7): error TS2322: Type 'number' is not assignable to type 'string'.
src/domain/selectors/__tests__/getSwapForCell.test.ts(184,11): error TS2322: Type 'number' is not assignable to type 'string'.
src/domain/selectors/__tests__/getSwapForCell.test.ts(192,11): error TS2322: Type 'number' is not assignable to type 'string'.
src/domain/swaps/__tests__/validateSwapDoesNotCauseConflict.test.ts(12,7): error TS2322: Type '"REPRESENTATIVE"' is not assignable to type 'RepresentativeRole'.
src/domain/swaps/__tests__/validateSwapDoesNotCauseConflict.test.ts(20,7): error TS2322: Type '"REPRESENTATIVE"' is not assignable to type 'RepresentativeRole'.
src/domain/swaps/__tests__/validateSwapDoesNotCauseConflict.test.ts(28,7): error TS2322: Type '"REPRESENTATIVE"' is not assignable to type 'RepresentativeRole'.
src/domain/swaps/__tests__/validateSwapDoesNotCauseConflict.test.ts(48,9): error TS2322: Type 'number' is not assignable to type 'string'.
src/domain/swaps/__tests__/validateSwapDoesNotCauseConflict.test.ts(69,9): error TS2322: Type 'number' is not assignable to type 'string'.
src/domain/swaps/__tests__/validateSwapDoesNotCauseConflict.test.ts(90,9): error TS2322: Type 'number' is not assignable to type 'string'.
src/domain/swaps/__tests__/validateSwapDoesNotCauseConflict.test.ts(100,9): error TS2322: Type 'number' is not assignable to type 'string'.
src/domain/swaps/__tests__/validateSwapDoesNotCauseConflict.test.ts(122,9): error TS2322: Type 'number' is not assignable to type 'string'.
src/domain/swaps/__tests__/validateSwapDoesNotCauseConflict.test.ts(142,9): error TS2322: Type 'number' is not assignable to type 'string'.
src/domain/swaps/__tests__/validateSwapDoesNotCauseConflict.test.ts(163,9): error TS2322: Type 'number' is not assignable to type 'string'.
src/domain/swaps/__tests__/validateSwapDoesNotCauseConflict.test.ts(172,9): error TS2322: Type 'number' is not assignable to type 'string'.
src/domain/swaps/__tests__/validateSwapDoesNotCauseConflict.test.ts(196,9): error TS2322: Type 'number' is not assignable to type 'string'.
src/domain/swaps/__tests__/validateSwapDoesNotCauseConflict.test.ts(218,9): error TS2322: Type 'number' is not assignable to type 'string'.
src/domain/swaps/__tests__/validateSwapDoesNotCauseConflict.test.ts(245,9): error TS2322: Type 'number' is not assignable to type 'string'.
src/domain/swaps/__tests__/validateSwapDoesNotCauseConflict.test.ts(255,9): error TS2322: Type 'number' is not assignable to type 'string'.
src/ui/management/ManagerPlanner.tsx(102,15): error TS2322: Type '{ key: string; representative: Representative; weekDays: DayInfo[]; weeklyPlan: WeeklyPlan; activeShift: "DAY"; }' is not assignable to type 'IntrinsicAttributes & PlanRowProps'.
  Property 'representative' does not exist on type 'IntrinsicAttributes & PlanRowProps'.
